{
  "stats": {
    "suites": 8,
    "tests": 29,
    "passes": 21,
    "pending": 8,
    "failures": 0,
    "start": "2022-10-12T13:15:13.506Z",
    "end": "2022-10-12T13:18:59.921Z",
    "duration": 194688,
    "testsRegistered": 29,
    "passPercent": 72.41379310344827,
    "pendingPercent": 27.586206896551722,
    "other": 0,
    "hasOther": false,
    "skipped": 0,
    "hasSkipped": false
  },
  "results": [
    {
      "uuid": "56817de9-790d-408b-875b-32a103372289",
      "title": "",
      "fullFile": "cypress\\e2e\\4-Navigation\\chemsoft-navigation.js",
      "file": "cypress\\e2e\\4-Navigation\\chemsoft-navigation.js",
      "beforeHooks": [],
      "afterHooks": [],
      "tests": [],
      "suites": [
        {
          "uuid": "c3417fae-40f6-4a28-a87e-207608ceca36",
          "title": "Validate Chemsoft home page links",
          "fullFile": "",
          "file": "",
          "beforeHooks": [],
          "afterHooks": [],
          "tests": [
            {
              "title": "Confirm links redirect to the correct pages - Chemsoft NG",
              "fullTitle": "Validate Chemsoft home page links Confirm links redirect to the correct pages - Chemsoft NG",
              "timedOut": null,
              "duration": 24850,
              "state": "passed",
              "speed": "slow",
              "pass": true,
              "fail": false,
              "pending": false,
              "context": null,
              "code": "cy.visit(\"https://dev04/system/login/chemsofttest\");\ncy.url().should('include', 'chemsofttest');\ncy.get('.username > .form-control').type(\"miljan\");\ncy.get('.btn').contains('Sign in').click();\ncy.url().should('include', 'system');\ncy.wait(10000);\ncy.go('back');\ncy.url().should('include', 'chemsofttest');\ncy.reload();\ncy.url().should('include', 'https://dev04/system/login/chemsofttest');\ncy.get('.username > .form-control').type(\"miljan\");\ncy.get('.btn').contains('Sign in').click();\ncy.url().should('include', 'system');\ncy.wait(10000);\ncy.go('back');\ncy.get('[name=\"user\"]').click();\ncy.get('.username > .form-control').type(\"wrongUserName\");\ncy.get('.btn').contains('Sign in').click();\ncy.get('.alerts').should('have.text', 'Wrong username or password×');",
              "err": {},
              "uuid": "ef61f187-73fb-4cc7-ae37-ac9c2a4f7bea",
              "parentUUID": "c3417fae-40f6-4a28-a87e-207608ceca36",
              "isHook": false,
              "skipped": false
            },
            {
              "title": "Confirm links redirect to the correct pages - iChemistry",
              "fullTitle": "Validate Chemsoft home page links Confirm links redirect to the correct pages - iChemistry",
              "timedOut": null,
              "duration": 0,
              "state": "pending",
              "speed": null,
              "pass": false,
              "fail": false,
              "pending": true,
              "context": null,
              "code": "",
              "err": {},
              "uuid": "d8fedb62-c910-4329-8956-1ef5b1ffa2b9",
              "parentUUID": "c3417fae-40f6-4a28-a87e-207608ceca36",
              "isHook": false,
              "skipped": false
            }
          ],
          "suites": [],
          "passes": [
            "ef61f187-73fb-4cc7-ae37-ac9c2a4f7bea"
          ],
          "failures": [],
          "pending": [
            "d8fedb62-c910-4329-8956-1ef5b1ffa2b9"
          ],
          "skipped": [],
          "duration": 24850,
          "root": false,
          "rootEmpty": false,
          "_timeout": 2000
        }
      ],
      "passes": [],
      "failures": [],
      "pending": [],
      "skipped": [],
      "duration": 0,
      "root": true,
      "rootEmpty": true,
      "_timeout": 2000
    },
    {
      "uuid": "3d959bcd-58fb-433c-914b-1ae996c83973",
      "title": "",
      "fullFile": "cypress\\e2e\\2-iterate-over-elements\\iterate-over-elements-page-function-model.js",
      "file": "cypress\\e2e\\2-iterate-over-elements\\iterate-over-elements-page-function-model.js",
      "beforeHooks": [],
      "afterHooks": [],
      "tests": [],
      "suites": [
        {
          "uuid": "8eabe597-e7b1-4b7d-b50c-0d5d9394a072",
          "title": "Iterate over elements",
          "fullFile": "",
          "file": "",
          "beforeHooks": [],
          "afterHooks": [],
          "tests": [
            {
              "title": "Log information of product",
              "fullTitle": "Iterate over elements Log information of product",
              "timedOut": null,
              "duration": 8421,
              "state": "passed",
              "speed": "medium",
              "pass": true,
              "fail": false,
              "pending": false,
              "context": null,
              "code": "cy.get(\".prodNo\").each(($el, index, $list) => {//console.log(\"Index: \" + index + \" : \" + $el.text());\n  //cy.log(\"Index: \" + index + \" : \" + $el.text());\n});\ncy.get(\".prodNo\").eq(4).invoke('text').as('prodNo');\ncy.get('@prodNo').its('length').should('be.gt', 0); //cy.get('@prodNo').should('include', 'Sigma');",
              "err": {},
              "uuid": "635862b9-57f2-4cdf-adb5-87a498084941",
              "parentUUID": "8eabe597-e7b1-4b7d-b50c-0d5d9394a072",
              "isHook": false,
              "skipped": false
            },
            {
              "title": "Validate a first specific product",
              "fullTitle": "Iterate over elements Validate a first specific product",
              "timedOut": null,
              "duration": 7152,
              "state": "passed",
              "speed": "medium",
              "pass": true,
              "fail": false,
              "pending": false,
              "context": null,
              "code": "cy.get(\".prodNo\").eq(1).invoke('text').as('prodNo');\ncy.get('@prodNo').its('length').should('be.gt', 0);\ncy.get('@prodNo').should('include', 'Sigma');",
              "err": {},
              "uuid": "e0d84df2-94c3-4f78-87a1-a08ab58b28b8",
              "parentUUID": "8eabe597-e7b1-4b7d-b50c-0d5d9394a072",
              "isHook": false,
              "skipped": false
            },
            {
              "title": "Validate a second specific produc",
              "fullTitle": "Iterate over elements Validate a second specific produc",
              "timedOut": null,
              "duration": 7726,
              "state": "passed",
              "speed": "medium",
              "pass": true,
              "fail": false,
              "pending": false,
              "context": null,
              "code": "cy.get(\".prodNo\").eq(1).invoke('text').as('prodNo');\ncy.get('@prodNo').its('length').should('be.gt', 0);\ncy.get('@prodNo').should('include', 'Sigma 309451Test');",
              "err": {},
              "uuid": "b48cbe46-0d98-4528-aca4-022d2019aa1b",
              "parentUUID": "8eabe597-e7b1-4b7d-b50c-0d5d9394a072",
              "isHook": false,
              "skipped": false
            },
            {
              "title": "Validate a third specific produc",
              "fullTitle": "Iterate over elements Validate a third specific produc",
              "timedOut": null,
              "duration": 9388,
              "state": "passed",
              "speed": "medium",
              "pass": true,
              "fail": false,
              "pending": false,
              "context": null,
              "code": "cy.get('.tablinks').contains('Assembled').click();\ncy.get(\".prodName\").eq(2).invoke('text').as('prodName');\ncy.get('@prodName').its('length').should('be.gt', 0);\ncy.get('@prodName').should('include', \"(-)-3',5'-O-(1,1,3,3-TETRAISOPROPYL-1,3-\");",
              "err": {},
              "uuid": "660a8393-c5cc-4a69-a7f1-179a2fbf434a",
              "parentUUID": "8eabe597-e7b1-4b7d-b50c-0d5d9394a072",
              "isHook": false,
              "skipped": false
            },
            {
              "title": "Validate a fourth specific produc",
              "fullTitle": "Iterate over elements Validate a fourth specific produc",
              "timedOut": null,
              "duration": 9446,
              "state": "passed",
              "speed": "medium",
              "pass": true,
              "fail": false,
              "pending": false,
              "context": null,
              "code": "cy.get('.tablinks').contains('Assembled').click();\ncy.get(\".symbols\").as('symbol');\ncy.get('@symbol').should('have.length', 21);\ncy.get('@symbol').find(\".iconPx24\").invoke('attr', 'title').should('include', 'Xi');",
              "err": {},
              "uuid": "dc10b3bf-c554-49ba-a5a1-1ea0faec79d0",
              "parentUUID": "8eabe597-e7b1-4b7d-b50c-0d5d9394a072",
              "isHook": false,
              "skipped": false
            },
            {
              "title": "Validate a fifth specific produc",
              "fullTitle": "Iterate over elements Validate a fifth specific produc",
              "timedOut": null,
              "duration": 0,
              "state": "pending",
              "speed": null,
              "pass": false,
              "fail": false,
              "pending": true,
              "context": null,
              "code": "",
              "err": {},
              "uuid": "9882de7d-c07a-4ad3-852d-77157ebf1f5c",
              "parentUUID": "8eabe597-e7b1-4b7d-b50c-0d5d9394a072",
              "isHook": false,
              "skipped": false
            }
          ],
          "suites": [],
          "passes": [
            "635862b9-57f2-4cdf-adb5-87a498084941",
            "e0d84df2-94c3-4f78-87a1-a08ab58b28b8",
            "b48cbe46-0d98-4528-aca4-022d2019aa1b",
            "660a8393-c5cc-4a69-a7f1-179a2fbf434a",
            "dc10b3bf-c554-49ba-a5a1-1ea0faec79d0"
          ],
          "failures": [],
          "pending": [
            "9882de7d-c07a-4ad3-852d-77157ebf1f5c"
          ],
          "skipped": [],
          "duration": 42133,
          "root": false,
          "rootEmpty": false,
          "_timeout": 2000
        }
      ],
      "passes": [],
      "failures": [],
      "pending": [],
      "skipped": [],
      "duration": 0,
      "root": true,
      "rootEmpty": true,
      "_timeout": 2000
    },
    {
      "uuid": "01d67cb3-9a1e-464e-acdd-fa56c9a774b0",
      "title": "",
      "fullFile": "cypress\\e2e\\2-iterate-over-elements\\iterate-over-elements.js",
      "file": "cypress\\e2e\\2-iterate-over-elements\\iterate-over-elements.js",
      "beforeHooks": [],
      "afterHooks": [],
      "tests": [],
      "suites": [
        {
          "uuid": "cd332900-acf1-4187-be5c-1057511dd6de",
          "title": "Iterate over elements",
          "fullFile": "",
          "file": "",
          "beforeHooks": [],
          "afterHooks": [],
          "tests": [
            {
              "title": "Log information of product",
              "fullTitle": "Iterate over elements Log information of product",
              "timedOut": null,
              "duration": 6802,
              "state": "passed",
              "speed": "medium",
              "pass": true,
              "fail": false,
              "pending": false,
              "context": null,
              "code": "cy.get(\".prodNo\").each(($el, index, $list) => {//console.log(\"Index: \" + index + \" : \" + $el.text());\n  //cy.log(\"Index: \" + index + \" : \" + $el.text());\n});\ncy.get(\".prodNo\").eq(4).invoke('text').as('prodNo');\ncy.get('@prodNo').its('length').should('be.gt', 0); //cy.get('@prodNo').should('include', 'Sigma');",
              "err": {},
              "uuid": "b6eee093-3239-4cc9-a84a-c171d975d2de",
              "parentUUID": "cd332900-acf1-4187-be5c-1057511dd6de",
              "isHook": false,
              "skipped": false
            },
            {
              "title": "Validate a first specific product",
              "fullTitle": "Iterate over elements Validate a first specific product",
              "timedOut": null,
              "duration": 7247,
              "state": "passed",
              "speed": "medium",
              "pass": true,
              "fail": false,
              "pending": false,
              "context": null,
              "code": "cy.get(\".prodNo\").eq(1).invoke('text').as('prodNo');\ncy.get('@prodNo').its('length').should('be.gt', 0);\ncy.get('@prodNo').should('include', 'Sigma');",
              "err": {},
              "uuid": "34684fdc-c956-42e5-9de8-fa08d4ab53b4",
              "parentUUID": "cd332900-acf1-4187-be5c-1057511dd6de",
              "isHook": false,
              "skipped": false
            },
            {
              "title": "Validate a second specific produc",
              "fullTitle": "Iterate over elements Validate a second specific produc",
              "timedOut": null,
              "duration": 7909,
              "state": "passed",
              "speed": "medium",
              "pass": true,
              "fail": false,
              "pending": false,
              "context": null,
              "code": "cy.get(\".prodNo\").eq(1).invoke('text').as('prodNo');\ncy.get('@prodNo').its('length').should('be.gt', 0);\ncy.get('@prodNo').should('include', 'Sigma 309451Test');",
              "err": {},
              "uuid": "370e7510-6849-418b-aa04-ca9528f3a86f",
              "parentUUID": "cd332900-acf1-4187-be5c-1057511dd6de",
              "isHook": false,
              "skipped": false
            },
            {
              "title": "Validate a third specific produc",
              "fullTitle": "Iterate over elements Validate a third specific produc",
              "timedOut": null,
              "duration": 9543,
              "state": "passed",
              "speed": "medium",
              "pass": true,
              "fail": false,
              "pending": false,
              "context": null,
              "code": "cy.get('.tablinks').contains('Assembled').click();\ncy.get(\".prodName\").eq(2).invoke('text').as('prodName');\ncy.get('@prodName').its('length').should('be.gt', 0);\ncy.get('@prodName').should('include', \"(-)-3',5'-O-(1,1,3,3-TETRAISOPROPYL-1,3-\");",
              "err": {},
              "uuid": "1f7d63e8-33c6-4c0a-96de-94aa94a95dd2",
              "parentUUID": "cd332900-acf1-4187-be5c-1057511dd6de",
              "isHook": false,
              "skipped": false
            },
            {
              "title": "Validate a fourth specific produc",
              "fullTitle": "Iterate over elements Validate a fourth specific produc",
              "timedOut": null,
              "duration": 8913,
              "state": "passed",
              "speed": "medium",
              "pass": true,
              "fail": false,
              "pending": false,
              "context": null,
              "code": "cy.get('.tablinks').contains('Assembled').click();\ncy.get(\".symbols\").as('symbol');\ncy.get('@symbol').should('have.length', 21);\ncy.get('@symbol').find(\".iconPx24\").invoke('attr', 'title').should('include', 'Xi');",
              "err": {},
              "uuid": "2a87e36b-7653-4956-bb3c-d6304ee5966b",
              "parentUUID": "cd332900-acf1-4187-be5c-1057511dd6de",
              "isHook": false,
              "skipped": false
            },
            {
              "title": "Validate a fifth specific produc",
              "fullTitle": "Iterate over elements Validate a fifth specific produc",
              "timedOut": null,
              "duration": 0,
              "state": "pending",
              "speed": null,
              "pass": false,
              "fail": false,
              "pending": true,
              "context": null,
              "code": "",
              "err": {},
              "uuid": "b1bf6d62-d083-4ee6-b4c6-9b8c15aebe4b",
              "parentUUID": "cd332900-acf1-4187-be5c-1057511dd6de",
              "isHook": false,
              "skipped": false
            }
          ],
          "suites": [],
          "passes": [
            "b6eee093-3239-4cc9-a84a-c171d975d2de",
            "34684fdc-c956-42e5-9de8-fa08d4ab53b4",
            "370e7510-6849-418b-aa04-ca9528f3a86f",
            "1f7d63e8-33c6-4c0a-96de-94aa94a95dd2",
            "2a87e36b-7653-4956-bb3c-d6304ee5966b"
          ],
          "failures": [],
          "pending": [
            "b1bf6d62-d083-4ee6-b4c6-9b8c15aebe4b"
          ],
          "skipped": [],
          "duration": 40414,
          "root": false,
          "rootEmpty": false,
          "_timeout": 2000
        }
      ],
      "passes": [],
      "failures": [],
      "pending": [],
      "skipped": [],
      "duration": 0,
      "root": true,
      "rootEmpty": true,
      "_timeout": 2000
    },
    {
      "uuid": "b5301777-5c92-44e1-ac0e-422b937396c5",
      "title": "",
      "fullFile": "cypress\\e2e\\3-alerts\\js-alerts.js",
      "file": "cypress\\e2e\\3-alerts\\js-alerts.js",
      "beforeHooks": [],
      "afterHooks": [],
      "tests": [],
      "suites": [
        {
          "uuid": "3ec0ab99-346e-45e4-80a7-901dda6e490a",
          "title": "Handle JS alerts",
          "fullFile": "",
          "file": "",
          "beforeHooks": [],
          "afterHooks": [],
          "tests": [
            {
              "title": "Confirm JS alerts contains the correct text",
              "fullTitle": "Handle JS alerts Confirm JS alerts contains the correct text",
              "timedOut": null,
              "duration": 11185,
              "state": "passed",
              "speed": "slow",
              "pass": true,
              "fail": false,
              "pending": false,
              "context": null,
              "code": "cy.get('[href=\"/system/chemicals/risk_assessment/risks\"]').click();\ncy.get(':nth-child(2) > td.prodName > a').click();\ncy.get('.tablinks').contains('Handling').click();\ncy.xpath('//html/body/div[1]/div/main/div/div/div[2]/div/div[2]/div[2]/div[1]/div[1]/div/div/input').click({\n  force: true\n}).type('sdsd');\ncy.get('.mainMenu > :nth-child(2) > .nav-link').click();\ncy.get('.card > .card-body > h6').eq(1).should('have.text', 'You have unsaved data. Are you sure you want to proceed?');",
              "err": {},
              "uuid": "7bdd7811-9e2f-4ea1-9c6e-5bb8055b54fa",
              "parentUUID": "3ec0ab99-346e-45e4-80a7-901dda6e490a",
              "isHook": false,
              "skipped": false
            },
            {
              "title": "Validate confirm alert box works correctly when user clicks OK",
              "fullTitle": "Handle JS alerts Validate confirm alert box works correctly when user clicks OK",
              "timedOut": null,
              "duration": 12788,
              "state": "passed",
              "speed": "slow",
              "pass": true,
              "fail": false,
              "pending": false,
              "context": null,
              "code": "cy.get('[href=\"/system/chemicals/risk_assessment/risks\"]').click();\ncy.get(':nth-child(11) > td.prodName > a').click();\ncy.get('.tablinks').contains('Risk evaluation and actions').click();\ncy.get('.col-2 > :nth-child(1) > .dateInp > .mx-input-wrapper > .mx-input').eq(0).click();\ncy.get('.col-2 > :nth-child(1) > .dateInp > .mx-input-wrapper > .mx-input').click();\ncy.get('.cell').eq(7).should('have.attr', 'data-row-col', '1,0').click();\ncy.get('.nav-link').contains('List').click();\ncy.get('.card > .card-body > h6').eq(1).should('have.text', 'You have unsaved data. Are you sure you want to proceed?');\ncy.get(':nth-child(8) > .modalCard > .card > .card-body > .pt-4 > [title=\"OK\"]').click(); // cy.on('window:alert', (str) => {\n//     expect(str).to.equal('You have unsaved data. Are you sure you want to proceed?')\n// })\ncy.url().should('include', 'chemical_list/department');",
              "err": {},
              "uuid": "49adb7a1-a748-4c1b-a3ef-8b728282e7db",
              "parentUUID": "3ec0ab99-346e-45e4-80a7-901dda6e490a",
              "isHook": false,
              "skipped": false
            },
            {
              "title": "Validate confirm alert box works correctly when user clicks Cancel",
              "fullTitle": "Handle JS alerts Validate confirm alert box works correctly when user clicks Cancel",
              "timedOut": null,
              "duration": 13727,
              "state": "passed",
              "speed": "slow",
              "pass": true,
              "fail": false,
              "pending": false,
              "context": null,
              "code": "cy.get('[href=\"/system/chemicals/risk_assessment/risks\"]').click();\ncy.get(':nth-child(11) > td.prodName > a').click();\ncy.get('.tablinks').contains('Risk evaluation and actions').click();\ncy.get('.col-2 > :nth-child(1) > .dateInp > .mx-input-wrapper > .mx-input').eq(0).click();\ncy.get('.col-2 > :nth-child(1) > .dateInp > .mx-input-wrapper > .mx-input').click();\ncy.get('.cell').eq(7).should('have.attr', 'data-row-col', '1,0').click();\ncy.get('.nav-link').contains('List').click();\ncy.get('.card > .card-body > h6').eq(1).should('have.text', 'You have unsaved data. Are you sure you want to proceed?');\ncy.get(':nth-child(8) > .modalCard > .card > .card-body > .pt-4 > [title=\"Cancel\"]').click(); // cy.on('window:confirm', () => {\n//     return true;\n// })\ncy.url().should('include', 'evaluation');",
              "err": {},
              "uuid": "0a9d7974-a65d-494a-aec8-5f38c2aa86fc",
              "parentUUID": "3ec0ab99-346e-45e4-80a7-901dda6e490a",
              "isHook": false,
              "skipped": false
            }
          ],
          "suites": [],
          "passes": [
            "7bdd7811-9e2f-4ea1-9c6e-5bb8055b54fa",
            "49adb7a1-a748-4c1b-a3ef-8b728282e7db",
            "0a9d7974-a65d-494a-aec8-5f38c2aa86fc"
          ],
          "failures": [],
          "pending": [],
          "skipped": [],
          "duration": 37700,
          "root": false,
          "rootEmpty": false,
          "_timeout": 2000
        }
      ],
      "passes": [],
      "failures": [],
      "pending": [],
      "skipped": [],
      "duration": 0,
      "root": true,
      "rootEmpty": true,
      "_timeout": 2000
    },
    {
      "uuid": "6107121b-9f75-4606-ad15-a44bea9e2793",
      "title": "",
      "fullFile": "cypress\\e2e\\5-Verify checkboxes\\checkboxes.js",
      "file": "cypress\\e2e\\5-Verify checkboxes\\checkboxes.js",
      "beforeHooks": [],
      "afterHooks": [],
      "tests": [],
      "suites": [
        {
          "uuid": "069d4632-01a9-47e1-89a7-a57c5bd75954",
          "title": "Move, copy and delete product in chemsoft",
          "fullFile": "",
          "file": "",
          "beforeHooks": [],
          "afterHooks": [],
          "tests": [
            {
              "title": "Check product and move it on desired department",
              "fullTitle": "Move, copy and delete product in chemsoft Check product and move it on desired department",
              "timedOut": null,
              "duration": 9307,
              "state": "passed",
              "speed": "medium",
              "pass": true,
              "fail": false,
              "pending": false,
              "context": null,
              "code": "cy.get('[href=\"/system/chemicals/inventory\"]').click();\ncy.get('.d-flex > :nth-child(2) > .icon-move').click({\n  force: true\n});\ncy.get(':nth-child(2) > .d-flex > :nth-child(2) > .icons').click({\n  force: true\n});\ncy.get('.eqtree-children > :nth-child(2) > span > a').click({\n  force: true\n});\ncy.get('[title=\"OK\"]').click({\n  force: true\n}); //cy.get('.tickerWrap > :nth-child(2) > div').should('have.text', 'We\\'re sorry to inform you that something went wrong processing your request.'); - the bug is reproduced and catched\ncy.get('.title > span').should('have.text', 'Last modified:');\ncy.url().should('include', 'chemicals/inventory');",
              "err": {},
              "uuid": "cb9c5e18-1e0e-4bfd-b61b-3e69e515da9a",
              "parentUUID": "069d4632-01a9-47e1-89a7-a57c5bd75954",
              "isHook": false,
              "skipped": false
            },
            {
              "title": "Check product and copy it on desired department",
              "fullTitle": "Move, copy and delete product in chemsoft Check product and copy it on desired department",
              "timedOut": null,
              "duration": 8966,
              "state": "passed",
              "speed": "medium",
              "pass": true,
              "fail": false,
              "pending": false,
              "context": null,
              "code": "cy.get('[href=\"/system/chemicals/inventory\"]').click();\ncy.get('.d-flex > :nth-child(2) > .icon-move').click({\n  force: true\n});\ncy.get('.mainTtl > :nth-child(1) > .d-flex > :nth-child(2)').click({\n  force: true\n});\ncy.get('.eqtree-open > .eqtree-children > :nth-child(2) > span > a').click({\n  multiple: true\n});\ncy.get('[title=\"OK\"]').click({\n  force: true\n}); //cy.get('.tickerWrap > :nth-child(2) > div').should('not.have.text', 'We\\'re sorry to inform you that something went wrong processing your request.'); - the bug is reproduced and catched\ncy.get('.title > span').should('have.text', 'Last modified:');\ncy.url().should('include', 'chemicals/inventory');",
              "err": {},
              "uuid": "b3d483c9-7d78-4b65-82d2-0f794abb70d9",
              "parentUUID": "069d4632-01a9-47e1-89a7-a57c5bd75954",
              "isHook": false,
              "skipped": false
            },
            {
              "title": "Check frontEnd BUG",
              "fullTitle": "Move, copy and delete product in chemsoft Check frontEnd BUG",
              "timedOut": null,
              "duration": 0,
              "state": "pending",
              "speed": null,
              "pass": false,
              "fail": false,
              "pending": true,
              "context": null,
              "code": "",
              "err": {},
              "uuid": "2e0f1266-b42d-4998-8e94-337ca65f9830",
              "parentUUID": "069d4632-01a9-47e1-89a7-a57c5bd75954",
              "isHook": false,
              "skipped": false
            }
          ],
          "suites": [],
          "passes": [
            "cb9c5e18-1e0e-4bfd-b61b-3e69e515da9a",
            "b3d483c9-7d78-4b65-82d2-0f794abb70d9"
          ],
          "failures": [],
          "pending": [
            "2e0f1266-b42d-4998-8e94-337ca65f9830"
          ],
          "skipped": [],
          "duration": 18273,
          "root": false,
          "rootEmpty": false,
          "_timeout": 2000
        }
      ],
      "passes": [],
      "failures": [],
      "pending": [],
      "skipped": [],
      "duration": 0,
      "root": true,
      "rootEmpty": true,
      "_timeout": 2000
    },
    {
      "uuid": "6ca34c1c-f6ee-4b12-aa15-88db5ee924ea",
      "title": "",
      "fullFile": "cypress\\e2e\\6-Drop-down lists\\drop-down.js",
      "file": "cypress\\e2e\\6-Drop-down lists\\drop-down.js",
      "beforeHooks": [],
      "afterHooks": [],
      "tests": [],
      "suites": [
        {
          "uuid": "a10081b8-ed99-4179-b892-c860881aaa70",
          "title": "Interact with drop-down list",
          "fullFile": "",
          "file": "",
          "beforeHooks": [],
          "afterHooks": [],
          "tests": [
            {
              "title": "Find specific values in drop-down Process category list on Handling step in Chemsoft",
              "fullTitle": "Interact with drop-down list Find specific values in drop-down Process category list on Handling step in Chemsoft",
              "timedOut": null,
              "duration": 0,
              "state": "pending",
              "speed": null,
              "pass": false,
              "fail": false,
              "pending": true,
              "context": null,
              "code": "",
              "err": {},
              "uuid": "f4e048b3-5b90-44f6-bf75-b40d43a46fed",
              "parentUUID": "a10081b8-ed99-4179-b892-c860881aaa70",
              "isHook": false,
              "skipped": false
            },
            {
              "title": "Select specific values in drop-down Ventilation list on Handling step in Chemsoft",
              "fullTitle": "Interact with drop-down list Select specific values in drop-down Ventilation list on Handling step in Chemsoft",
              "timedOut": null,
              "duration": 12738,
              "state": "passed",
              "speed": "slow",
              "pass": true,
              "fail": false,
              "pending": false,
              "context": null,
              "code": "cy.get('.dropdown-item').contains('Risk assessment').click();\ncy.get(\".prodName\").eq(5).click();\ncy.get('.tab > :nth-child(1) > .d-flex > :nth-child(2)').click();\ncy.get(\".form-control > *\").each(($el, index, $list) => {\n  const prod = $el.text();\n  const productToSelect = \"Small and non-ventilated room\";\n  console.log(\"Index: \" + index + \" : \" + $el.text());\n  if (prod === productToSelect) {\n    $el.trigger(\"click\");\n    cy.contains('Small and non-ventilated room').should('have.value', '2').click({\n      force: true\n    });\n  }\n});\ncy.get('.row > :nth-child(1) > :nth-child(3) > .input-group > .form-control').should('contain.text', 'Small and non-ventilated room');",
              "err": {},
              "uuid": "37380385-dfa6-43f1-9d32-761861f4be2f",
              "parentUUID": "a10081b8-ed99-4179-b892-c860881aaa70",
              "isHook": false,
              "skipped": false
            },
            {
              "title": "Select specific values in drop-down Handling type list on Handling step in Chemsoft",
              "fullTitle": "Interact with drop-down list Select specific values in drop-down Handling type list on Handling step in Chemsoft",
              "timedOut": null,
              "duration": 0,
              "state": "pending",
              "speed": null,
              "pass": false,
              "fail": false,
              "pending": true,
              "context": null,
              "code": "",
              "err": {},
              "uuid": "c2cb2973-e6fa-4642-9438-f97d64dbd87e",
              "parentUUID": "a10081b8-ed99-4179-b892-c860881aaa70",
              "isHook": false,
              "skipped": false
            }
          ],
          "suites": [],
          "passes": [
            "37380385-dfa6-43f1-9d32-761861f4be2f"
          ],
          "failures": [],
          "pending": [
            "f4e048b3-5b90-44f6-bf75-b40d43a46fed",
            "c2cb2973-e6fa-4642-9438-f97d64dbd87e"
          ],
          "skipped": [],
          "duration": 12738,
          "root": false,
          "rootEmpty": false,
          "_timeout": 2000
        }
      ],
      "passes": [],
      "failures": [],
      "pending": [],
      "skipped": [],
      "duration": 0,
      "root": true,
      "rootEmpty": true,
      "_timeout": 2000
    },
    {
      "uuid": "ce29b233-3a18-4f64-8616-14e6b7f0a50c",
      "title": "",
      "fullFile": "cypress\\e2e\\7-Mouse actions\\mouse-action.js",
      "file": "cypress\\e2e\\7-Mouse actions\\mouse-action.js",
      "beforeHooks": [],
      "afterHooks": [],
      "tests": [],
      "suites": [
        {
          "uuid": "e82b01d6-38df-4fc1-9d31-ef80d8d3e492",
          "title": "Test mouse actions",
          "fullFile": "",
          "file": "",
          "beforeHooks": [],
          "afterHooks": [],
          "tests": [
            {
              "title": "Scroll element into view",
              "fullTitle": "Test mouse actions Scroll element into view",
              "timedOut": null,
              "duration": 6633,
              "state": "passed",
              "speed": "medium",
              "pass": true,
              "fail": false,
              "pending": false,
              "context": null,
              "code": "cy.get('.nav > :nth-child(2) > .nav-link').click();\ncy.get('.icon-usagegroup').scrollIntoView().click({\n  force: true\n});",
              "err": {},
              "uuid": "90238aac-bfee-499c-839a-0bcc2b6462a5",
              "parentUUID": "e82b01d6-38df-4fc1-9d31-ef80d8d3e492",
              "isHook": false,
              "skipped": false
            },
            {
              "title": "Drag and drop a draggable item on Form creator feature - Product type",
              "fullTitle": "Test mouse actions Drag and drop a draggable item on Form creator feature - Product type",
              "timedOut": null,
              "duration": 0,
              "state": "pending",
              "speed": null,
              "pass": false,
              "fail": false,
              "pending": true,
              "context": null,
              "code": "",
              "err": {},
              "uuid": "1a07b9b7-7b0a-42c7-89be-789c349af430",
              "parentUUID": "e82b01d6-38df-4fc1-9d31-ef80d8d3e492",
              "isHook": false,
              "skipped": false
            },
            {
              "title": "Drag and drop a draggable item on Form creator feature - Attach document",
              "fullTitle": "Test mouse actions Drag and drop a draggable item on Form creator feature - Attach document",
              "timedOut": null,
              "duration": 0,
              "state": "pending",
              "speed": null,
              "pass": false,
              "fail": false,
              "pending": true,
              "context": null,
              "code": "",
              "err": {},
              "uuid": "48f4aaf4-a3c3-4294-a6e1-f64c6850701c",
              "parentUUID": "e82b01d6-38df-4fc1-9d31-ef80d8d3e492",
              "isHook": false,
              "skipped": false
            }
          ],
          "suites": [],
          "passes": [
            "90238aac-bfee-499c-839a-0bcc2b6462a5"
          ],
          "failures": [],
          "pending": [
            "1a07b9b7-7b0a-42c7-89be-789c349af430",
            "48f4aaf4-a3c3-4294-a6e1-f64c6850701c"
          ],
          "skipped": [],
          "duration": 6633,
          "root": false,
          "rootEmpty": false,
          "_timeout": 2000
        }
      ],
      "passes": [],
      "failures": [],
      "pending": [],
      "skipped": [],
      "duration": 0,
      "root": true,
      "rootEmpty": true,
      "_timeout": 2000
    },
    {
      "uuid": "b1689b5d-6662-4eaa-970a-6940c2d0394a",
      "title": "",
      "fullFile": "cypress\\e2e\\1-Login started\\log-in.js",
      "file": "cypress\\e2e\\1-Login started\\log-in.js",
      "beforeHooks": [],
      "afterHooks": [],
      "tests": [],
      "suites": [
        {
          "uuid": "7dcbbd29-1567-4837-9f59-c7656a8d2dc9",
          "title": "Test Login form via Chemsoft NG",
          "fullFile": "",
          "file": "",
          "beforeHooks": [],
          "afterHooks": [],
          "tests": [
            {
              "title": "Should be able to log in via Login form",
              "fullTitle": "Test Login form via Chemsoft NG Should be able to log in via Login form",
              "timedOut": null,
              "duration": 5012,
              "state": "passed",
              "speed": "medium",
              "pass": true,
              "fail": false,
              "pending": false,
              "context": null,
              "code": "cy.get('[name=\"user\"]').click();\ncy.get('.username > .form-control').type(\"miljan\");\ncy.get('.btn').contains('Sign in').click();\ncy.get('a > img[alt=\"Chemsoft\"]').should('have.attr', 'alt', 'Chemsoft');",
              "err": {},
              "uuid": "2bb779a9-866b-43c1-a2cb-75074166569d",
              "parentUUID": "7dcbbd29-1567-4837-9f59-c7656a8d2dc9",
              "isHook": false,
              "skipped": false
            },
            {
              "title": "Should not be able to log in via Login form",
              "fullTitle": "Test Login form via Chemsoft NG Should not be able to log in via Login form",
              "timedOut": null,
              "duration": 4767,
              "state": "passed",
              "speed": "fast",
              "pass": true,
              "fail": false,
              "pending": false,
              "context": null,
              "code": "cy.get('[name=\"user\"]').click();\ncy.get('.username > .form-control').type(\"zeljko\");\ncy.get('.password > .form-control').type(\"somewrongpassword\");\ncy.get('.btn').contains('Sign in').click();\ncy.get('a > img[alt=\"Chemsoft\"]').should('have.attr', 'alt', 'Chemsoft'); //cy.get('button').should('have.text', 'Update password');",
              "err": {},
              "uuid": "8b920df7-9d73-49b1-af28-a7f6c2fd68b7",
              "parentUUID": "7dcbbd29-1567-4837-9f59-c7656a8d2dc9",
              "isHook": false,
              "skipped": false
            },
            {
              "title": "Should not be able to log in via Login form - wrong user name",
              "fullTitle": "Test Login form via Chemsoft NG Should not be able to log in via Login form - wrong user name",
              "timedOut": null,
              "duration": 2168,
              "state": "passed",
              "speed": "fast",
              "pass": true,
              "fail": false,
              "pending": false,
              "context": null,
              "code": "cy.get('[name=\"user\"]').click();\ncy.get('.username > .form-control').type(\"somewrongUsername\");\ncy.get('.password > .form-control').type(\"somewrongpassword\");\ncy.get('.btn').contains('Sign in').click();\ncy.get('.alerts').should('have.html', '<div class=\"d-flex mr-auto\">Wrong username or password</div><button type=\"button\" class=\"close ml-3\"><span>×</span></button>');\ncy.get('.alerts').should('have.text', 'Wrong username or password×');",
              "err": {},
              "uuid": "3d0f0d7c-347c-4163-b6c0-3b80cea569ae",
              "parentUUID": "7dcbbd29-1567-4837-9f59-c7656a8d2dc9",
              "isHook": false,
              "skipped": false
            }
          ],
          "suites": [],
          "passes": [
            "2bb779a9-866b-43c1-a2cb-75074166569d",
            "8b920df7-9d73-49b1-af28-a7f6c2fd68b7",
            "3d0f0d7c-347c-4163-b6c0-3b80cea569ae"
          ],
          "failures": [],
          "pending": [],
          "skipped": [],
          "duration": 11947,
          "root": false,
          "rootEmpty": false,
          "_timeout": 2000
        }
      ],
      "passes": [],
      "failures": [],
      "pending": [],
      "skipped": [],
      "duration": 0,
      "root": true,
      "rootEmpty": true,
      "_timeout": 2000
    }
  ],
  "meta": {
    "mocha": {
      "version": "7.0.1"
    },
    "mochawesome": {
      "options": {
        "quiet": false,
        "reportFilename": "mochawesome",
        "saveHtml": false,
        "saveJson": true,
        "consoleReporter": "spec",
        "useInlineDiffs": false,
        "code": true
      },
      "version": "7.1.3"
    },
    "marge": {
      "options": {
        "id": "default",
        "reportDir": "cypress/results/mochawesome",
        "quite": "true",
        "overwrite": false,
        "html": false,
        "json": true
      },
      "version": "6.2.0"
    }
  }
}