{
  "stats": {
    "suites": 5,
    "tests": 13,
    "passes": 12,
    "pending": 1,
    "failures": 0,
    "start": "2022-03-21T16:42:23.573Z",
    "end": "2022-03-21T16:44:56.730Z",
    "duration": 119417,
    "testsRegistered": 13,
    "passPercent": 92.3076923076923,
    "pendingPercent": 7.6923076923076925,
    "other": 0,
    "hasOther": false,
    "skipped": 0,
    "hasSkipped": false
  },
  "results": [
    {
      "uuid": "2e3e0abe-517e-4020-9f7a-03603ee01667",
      "title": "",
      "fullFile": "cypress/integration/2-iterate-over-elements/iterate-over-elements.js",
      "file": "cypress/integration/2-iterate-over-elements/iterate-over-elements.js",
      "beforeHooks": [],
      "afterHooks": [],
      "tests": [],
      "suites": [
        {
          "uuid": "38c0ca48-0254-41a3-a9d1-64787bcaa070",
          "title": "Iterate over elements",
          "fullFile": "",
          "file": "",
          "beforeHooks": [],
          "afterHooks": [],
          "tests": [
            {
              "title": "Log information of product",
              "fullTitle": "Iterate over elements Log information of product",
              "timedOut": null,
              "duration": 4488,
              "state": "passed",
              "speed": "fast",
              "pass": true,
              "fail": false,
              "pending": false,
              "context": null,
              "code": "cy.visit(\"https://dev04/system/login/chemsofttest\");\ncy.get('[name=\"user\"]').click();\ncy.get('.username > .form-control').type(\"miljan\");\ncy.get('.btn').contains('Sign in').click();\ncy.get('.nav-link').contains('List').click(); // cy.get(\".prodNo\").each(($el, index, $list) => {\n//     cy.log(\"Index: \" + index + \" : \" + $el.text());",
              "err": {},
              "uuid": "d798125f-11ab-4c67-be63-e391b4dae839",
              "parentUUID": "38c0ca48-0254-41a3-a9d1-64787bcaa070",
              "isHook": false,
              "skipped": false
            },
            {
              "title": "Choose a specific product",
              "fullTitle": "Iterate over elements Choose a specific product",
              "timedOut": null,
              "duration": 7415,
              "state": "passed",
              "speed": "medium",
              "pass": true,
              "fail": false,
              "pending": false,
              "context": null,
              "code": "cy.visit(\"https://dev04/system/login/chemsofttest\");\ncy.get('[name=\"user\"]').click();\ncy.get('.username > .form-control').type(\"miljan\");\ncy.get('.btn').contains('Sign in').click();\ncy.get('.nav-link').contains('List').click();\ncy.get(\".prodNo\").each(($el, index, $list) => {\n  if ($el.text() === 'Sigma 61887') {\n    cy.wrap($el).click();\n  }\n  ;\n});",
              "err": {},
              "uuid": "88cd307b-a114-4199-9790-265f26f2f384",
              "parentUUID": "38c0ca48-0254-41a3-a9d1-64787bcaa070",
              "isHook": false,
              "skipped": false
            },
            {
              "title": "Validate a specific produc",
              "fullTitle": "Iterate over elements Validate a specific produc",
              "timedOut": null,
              "duration": 7866,
              "state": "passed",
              "speed": "medium",
              "pass": true,
              "fail": false,
              "pending": false,
              "context": null,
              "code": "cy.visit(\"https://dev04/system/login/chemsofttest\");\ncy.get('[name=\"user\"]').click();\ncy.get('.username > .form-control').type(\"miljan\");\ncy.get('.btn').contains('Sign in').click();\ncy.get('.nav-link').contains('List').click();\ncy.get(\".prodNo\").eq(1).invoke('text').as('prodNo');\ncy.get('@prodNo').its('length').should('be.gt', 0);\ncy.get('@prodNo').should('include', 'Sigma 309451Test');",
              "err": {},
              "uuid": "7c385626-fedf-4b13-9cc9-e651aee1e01b",
              "parentUUID": "38c0ca48-0254-41a3-a9d1-64787bcaa070",
              "isHook": false,
              "skipped": false
            },
            {
              "title": "Validate a specific produc",
              "fullTitle": "Iterate over elements Validate a specific produc",
              "timedOut": null,
              "duration": 9693,
              "state": "passed",
              "speed": "medium",
              "pass": true,
              "fail": false,
              "pending": false,
              "context": null,
              "code": "cy.visit(\"https://dev04/system/login/chemsofttest\");\ncy.get('[name=\"user\"]').click();\ncy.get('.username > .form-control').type(\"miljan\");\ncy.get('.btn').contains('Sign in').click();\ncy.get('.nav-link').contains('List').click();\ncy.get('.tablinks').contains('Assembled').click();\ncy.get(\".prodName\").eq(2).invoke('text').as('prodName');\ncy.get('@prodName').its('length').should('be.gt', 0);\ncy.get('@prodName').should('include', \"(-)-3',5'-O-(1,1,3,3-TETRAISOPROPYL-1,3-\");",
              "err": {},
              "uuid": "1c37dd0d-73af-45bd-b0b8-9e2f25c92274",
              "parentUUID": "38c0ca48-0254-41a3-a9d1-64787bcaa070",
              "isHook": false,
              "skipped": false
            },
            {
              "title": "Validate a specific produc",
              "fullTitle": "Iterate over elements Validate a specific produc",
              "timedOut": null,
              "duration": 9281,
              "state": "passed",
              "speed": "medium",
              "pass": true,
              "fail": false,
              "pending": false,
              "context": null,
              "code": "cy.visit(\"https://dev04/system/login/chemsofttest\");\ncy.get('[name=\"user\"]').click();\ncy.get('.username > .form-control').type(\"miljan\");\ncy.get('.btn').contains('Sign in').click();\ncy.get('.nav-link').contains('List').click();\ncy.get('.tablinks').contains('Assembled').click();\ncy.get(\".symbols\").as('symbol');\ncy.get('@symbol').should('have.length', 21);\ncy.get('@symbol').find(\".iconPx24\").invoke('attr', 'title').should('include', 'Xi');",
              "err": {},
              "uuid": "65d2108a-90cf-46c6-96dd-b2da41efe499",
              "parentUUID": "38c0ca48-0254-41a3-a9d1-64787bcaa070",
              "isHook": false,
              "skipped": false
            }
          ],
          "suites": [],
          "passes": [
            "d798125f-11ab-4c67-be63-e391b4dae839",
            "88cd307b-a114-4199-9790-265f26f2f384",
            "7c385626-fedf-4b13-9cc9-e651aee1e01b",
            "1c37dd0d-73af-45bd-b0b8-9e2f25c92274",
            "65d2108a-90cf-46c6-96dd-b2da41efe499"
          ],
          "failures": [],
          "pending": [],
          "skipped": [],
          "duration": 38743,
          "root": false,
          "rootEmpty": false,
          "_timeout": 2000
        }
      ],
      "passes": [],
      "failures": [],
      "pending": [],
      "skipped": [],
      "duration": 0,
      "root": true,
      "rootEmpty": true,
      "_timeout": 2000
    },
    {
      "uuid": "9a311b43-5a29-49a5-9993-af7fc0937eb6",
      "title": "",
      "fullFile": "cypress/integration/3-alerts/js-alerts.js",
      "file": "cypress/integration/3-alerts/js-alerts.js",
      "beforeHooks": [],
      "afterHooks": [],
      "tests": [],
      "suites": [
        {
          "uuid": "f44f06be-e0ea-4b15-a432-581b1af1bcb2",
          "title": "Handle JS alerts",
          "fullFile": "",
          "file": "",
          "beforeHooks": [],
          "afterHooks": [],
          "tests": [
            {
              "title": "Confirm JS alerts contains the correct text",
              "fullTitle": "Handle JS alerts Confirm JS alerts contains the correct text",
              "timedOut": null,
              "duration": 10580,
              "state": "passed",
              "speed": "slow",
              "pass": true,
              "fail": false,
              "pending": false,
              "context": null,
              "code": "cy.visit(\"https://dev04/system/login/chemsofttest/?name=miljan&password=hirsl666\");\ncy.get('.nav-link').contains('Tools').click({\n  force: true\n});\ncy.get('[href=\"/system/chemicals/risk_assessment/risks\"]').click();\ncy.get(':nth-child(2) > td.prodName > a').click();\ncy.get('.tablinks').contains('Handling').click();\ncy.xpath('//html/body/div[1]/div/main/div/div/div[2]/div/div[2]/div[2]/div[1]/div[1]/div/div/input').click({\n  force: true\n}).type('sdsd');\ncy.get('.mainMenu > :nth-child(2) > .nav-link').click();\ncy.get('.card > .card-body > h6').eq(1).should('have.text', 'You have unsaved data. Are you sure you want to proceed?');",
              "err": {},
              "uuid": "4a477e4b-cf4c-43f0-bc22-4cab21493de1",
              "parentUUID": "f44f06be-e0ea-4b15-a432-581b1af1bcb2",
              "isHook": false,
              "skipped": false
            },
            {
              "title": "Validate confirm alert box works correctly when user clicks OK",
              "fullTitle": "Handle JS alerts Validate confirm alert box works correctly when user clicks OK",
              "timedOut": null,
              "duration": 8986,
              "state": "passed",
              "speed": "medium",
              "pass": true,
              "fail": false,
              "pending": false,
              "context": null,
              "code": "cy.visit(\"https://dev04/system/login/chemsofttest/?name=miljan&password=hirsl666\");\ncy.get('.nav-link').contains('Tools').click();\ncy.get('[href=\"/system/chemicals/risk_assessment/risks\"]').click();\ncy.get(':nth-child(11) > td.prodName > a').click();\ncy.get('.tablinks').contains('Risk evaluation and actions').click();\ncy.get('.col-2 > :nth-child(1) > .dateInp > .mx-input-wrapper > .mx-input').eq(0).click();\ncy.get('.col-2 > :nth-child(1) > .dateInp > .mx-input-wrapper > .mx-input').click();\ncy.get('.cell').eq(7).should('have.attr', 'data-row-col', '1,0').click();\ncy.get('.nav-link').contains('List').click();\ncy.get('.card > .card-body > h6').eq(1).should('have.text', 'You have unsaved data. Are you sure you want to proceed?');\ncy.get(':nth-child(8) > .modalCard > .card > .card-body > .pt-4 > [title=\"OK\"]').click(); // cy.on('window:alert', (str) => {\n//     expect(str).to.equal('You have unsaved data. Are you sure you want to proceed?')\n// })\ncy.url().should('include', 'chemical_list/department');",
              "err": {},
              "uuid": "44f6b756-fbf5-4174-9077-7b570e1c83a8",
              "parentUUID": "f44f06be-e0ea-4b15-a432-581b1af1bcb2",
              "isHook": false,
              "skipped": false
            },
            {
              "title": "Validate confirm alert box works correctly when user clicks Cancel",
              "fullTitle": "Handle JS alerts Validate confirm alert box works correctly when user clicks Cancel",
              "timedOut": null,
              "duration": 14407,
              "state": "passed",
              "speed": "slow",
              "pass": true,
              "fail": false,
              "pending": false,
              "context": null,
              "code": "cy.visit(\"https://dev04/system/login/chemsofttest/?name=miljan&password=hirsl666\");\ncy.get('.nav-link').contains('Tools').click();\ncy.get('[href=\"/system/chemicals/risk_assessment/risks\"]').click();\ncy.get(':nth-child(11) > td.prodName > a').click();\ncy.get('.tablinks').contains('Risk evaluation and actions').click();\ncy.get('.col-2 > :nth-child(1) > .dateInp > .mx-input-wrapper > .mx-input').eq(0).click();\ncy.get('.col-2 > :nth-child(1) > .dateInp > .mx-input-wrapper > .mx-input').click();\ncy.get('.cell').eq(7).should('have.attr', 'data-row-col', '1,0').click();\ncy.get('.nav-link').contains('List').click();\ncy.get('.card > .card-body > h6').eq(1).should('have.text', 'You have unsaved data. Are you sure you want to proceed?');\ncy.get(':nth-child(8) > .modalCard > .card > .card-body > .pt-4 > [title=\"Cancel\"]').click(); // cy.on('window:confirm', () => {\n//     return true;\n// })\ncy.url().should('include', 'evaluation');",
              "err": {},
              "uuid": "21f4eb98-3245-4cde-a1b4-a09f2ccbd8bc",
              "parentUUID": "f44f06be-e0ea-4b15-a432-581b1af1bcb2",
              "isHook": false,
              "skipped": false
            }
          ],
          "suites": [],
          "passes": [
            "4a477e4b-cf4c-43f0-bc22-4cab21493de1",
            "44f6b756-fbf5-4174-9077-7b570e1c83a8",
            "21f4eb98-3245-4cde-a1b4-a09f2ccbd8bc"
          ],
          "failures": [],
          "pending": [],
          "skipped": [],
          "duration": 33973,
          "root": false,
          "rootEmpty": false,
          "_timeout": 2000
        }
      ],
      "passes": [],
      "failures": [],
      "pending": [],
      "skipped": [],
      "duration": 0,
      "root": true,
      "rootEmpty": true,
      "_timeout": 2000
    },
    {
      "uuid": "d2cdbebf-9ed4-406a-bfbe-db401eefba56",
      "title": "",
      "fullFile": "cypress/integration/4-Navigation/chemsoft-navigation.js",
      "file": "cypress/integration/4-Navigation/chemsoft-navigation.js",
      "beforeHooks": [],
      "afterHooks": [],
      "tests": [],
      "suites": [
        {
          "uuid": "5a28cd44-4162-4961-8169-d2acb75b8766",
          "title": "Validate Chemsoft home page links",
          "fullFile": "",
          "file": "",
          "beforeHooks": [],
          "afterHooks": [],
          "tests": [
            {
              "title": "Confirm links redirect to the correct pages",
              "fullTitle": "Validate Chemsoft home page links Confirm links redirect to the correct pages",
              "timedOut": null,
              "duration": 25052,
              "state": "passed",
              "speed": "slow",
              "pass": true,
              "fail": false,
              "pending": false,
              "context": null,
              "code": "cy.visit(\"https://dev04/system/login/chemsofttest\");\ncy.url().should('include', 'chemsofttest');\ncy.get('.username > .form-control').type(\"miljan\");\ncy.get('.btn').contains('Sign in').click();\ncy.url().should('include', 'system');\ncy.wait(10000);\ncy.go('back');\ncy.url().should('include', 'chemsofttest');\ncy.reload();\ncy.url().should('include', 'https://dev04/system/login/chemsofttest');\ncy.get('.username > .form-control').type(\"miljan\");\ncy.get('.btn').contains('Sign in').click();\ncy.url().should('include', 'system');\ncy.wait(10000);\ncy.go('back');\ncy.get('[name=\"user\"]').click();\ncy.get('.username > .form-control').type(\"wrongUserName\");\ncy.get('.btn').contains('Sign in').click();\ncy.get('.alerts').should('have.text', '\\n\\tWrong user name or password\\n');",
              "err": {},
              "uuid": "a2ad1ad7-c25f-4b67-87ca-7b4fb892e352",
              "parentUUID": "5a28cd44-4162-4961-8169-d2acb75b8766",
              "isHook": false,
              "skipped": false
            }
          ],
          "suites": [],
          "passes": [
            "a2ad1ad7-c25f-4b67-87ca-7b4fb892e352"
          ],
          "failures": [],
          "pending": [],
          "skipped": [],
          "duration": 25052,
          "root": false,
          "rootEmpty": false,
          "_timeout": 2000
        }
      ],
      "passes": [],
      "failures": [],
      "pending": [],
      "skipped": [],
      "duration": 0,
      "root": true,
      "rootEmpty": true,
      "_timeout": 2000
    },
    {
      "uuid": "c97fe834-76e4-4f6b-9997-fa62590a1d3b",
      "title": "",
      "fullFile": "cypress/integration/5-Verify checkboxes/checkboxes.js",
      "file": "cypress/integration/5-Verify checkboxes/checkboxes.js",
      "beforeHooks": [],
      "afterHooks": [],
      "tests": [],
      "suites": [
        {
          "uuid": "ab70a80d-7f19-46e4-94c4-9d590e6a1287",
          "title": "Move, copy and delete product in chemsoft",
          "fullFile": "",
          "file": "",
          "beforeHooks": [],
          "afterHooks": [],
          "tests": [
            {
              "title": "Check product and move it on desired department",
              "fullTitle": "Move, copy and delete product in chemsoft Check product and move it on desired department",
              "timedOut": null,
              "duration": 8687,
              "state": "passed",
              "speed": "medium",
              "pass": true,
              "fail": false,
              "pending": false,
              "context": null,
              "code": "cy.visit(\"https://dev04/system/login/chemsofttest/?name=miljan&password=hirsl666\");\ncy.get('.nav-link').contains('Tools').click({\n  force: true\n});\ncy.get('[href=\"/system/chemicals/inventory\"]').click();\ncy.get('.d-flex > :nth-child(2) > .icons').click({\n  force: true\n});\ncy.get(':nth-child(2) > .d-flex > :nth-child(2) > .icons').click({\n  force: true\n});\ncy.get('.eqtree-children > :nth-child(2) > span > a').click({\n  force: true\n});\ncy.get('[title=\"OK\"]').click({\n  force: true\n}); //cy.get('.tickerWrap > :nth-child(2) > div').should('have.text', 'We\\'re sorry to inform you that something went wrong processing your request.'); - the bug is reproduced and catched\ncy.get('.title > span').should('have.text', 'Last modified:');\ncy.url().should('include', 'chemicals/inventory');",
              "err": {},
              "uuid": "95792f7f-84d5-4e49-977a-990005d9e45a",
              "parentUUID": "ab70a80d-7f19-46e4-94c4-9d590e6a1287",
              "isHook": false,
              "skipped": false
            },
            {
              "title": "Check product and copy it on desired department",
              "fullTitle": "Move, copy and delete product in chemsoft Check product and copy it on desired department",
              "timedOut": null,
              "duration": 7967,
              "state": "passed",
              "speed": "medium",
              "pass": true,
              "fail": false,
              "pending": false,
              "context": null,
              "code": "cy.visit(\"https://dev04/system/login/chemsofttest/?name=miljan&password=hirsl666\");\ncy.get('.nav-link').contains('Tools').click({\n  force: true\n});\ncy.get('[href=\"/system/chemicals/inventory\"]').click();\ncy.get('.d-flex > :nth-child(2) > .icons').click({\n  force: true\n});\ncy.get('.mainTtl > :nth-child(1) > .d-flex > :nth-child(2)').click({\n  force: true\n});\ncy.get('.eqtree-open > .eqtree-children > :nth-child(2) > span > a').click({\n  multiple: true\n});\ncy.get('[title=\"OK\"]').click({\n  force: true\n}); //cy.get('.tickerWrap > :nth-child(2) > div').should('not.have.text', 'We\\'re sorry to inform you that something went wrong processing your request.'); - the bug is reproduced and catched\ncy.get('.title > span').should('have.text', 'Last modified:');\ncy.url().should('include', 'chemicals/inventory');",
              "err": {},
              "uuid": "3dc67ea4-3456-4ff3-8be0-727104f490c0",
              "parentUUID": "ab70a80d-7f19-46e4-94c4-9d590e6a1287",
              "isHook": false,
              "skipped": false
            },
            {
              "title": "Check frontEnd BUG",
              "fullTitle": "Move, copy and delete product in chemsoft Check frontEnd BUG",
              "timedOut": null,
              "duration": 0,
              "state": "pending",
              "speed": null,
              "pass": false,
              "fail": false,
              "pending": true,
              "context": null,
              "code": "",
              "err": {},
              "uuid": "c4d4e41e-f2b8-4059-9e0b-48fca8a52ada",
              "parentUUID": "ab70a80d-7f19-46e4-94c4-9d590e6a1287",
              "isHook": false,
              "skipped": false
            }
          ],
          "suites": [],
          "passes": [
            "95792f7f-84d5-4e49-977a-990005d9e45a",
            "3dc67ea4-3456-4ff3-8be0-727104f490c0"
          ],
          "failures": [],
          "pending": [
            "c4d4e41e-f2b8-4059-9e0b-48fca8a52ada"
          ],
          "skipped": [],
          "duration": 16654,
          "root": false,
          "rootEmpty": false,
          "_timeout": 2000
        }
      ],
      "passes": [],
      "failures": [],
      "pending": [],
      "skipped": [],
      "duration": 0,
      "root": true,
      "rootEmpty": true,
      "_timeout": 2000
    },
    {
      "uuid": "c46cf1ef-526b-42c5-8101-d49cc117abd4",
      "title": "",
      "fullFile": "cypress/integration/1-login-started/log-in.js",
      "file": "cypress/integration/1-login-started/log-in.js",
      "beforeHooks": [],
      "afterHooks": [],
      "tests": [],
      "suites": [
        {
          "uuid": "721e712e-41c6-49c7-8a34-24b158d8e333",
          "title": "Test Login form via Chemsoft NG",
          "fullFile": "",
          "file": "",
          "beforeHooks": [],
          "afterHooks": [],
          "tests": [
            {
              "title": "Should not be able to log in via Login form",
              "fullTitle": "Test Login form via Chemsoft NG Should not be able to log in via Login form",
              "timedOut": null,
              "duration": 4995,
              "state": "passed",
              "speed": "fast",
              "pass": true,
              "fail": false,
              "pending": false,
              "context": null,
              "code": "cy.visit(\"https://dev04/system/login/chemsofttest\");\ncy.get('[name=\"user\"]').click();\ncy.get('.username > .form-control').type(\"zeljko\");\ncy.get('.password > .form-control').type(\"somewrongpassword\");\ncy.get('.btn').contains('Sign in').click();\ncy.get('a > img[alt=\"Chemsoft\"]').should('have.attr', 'alt', 'Chemsoft'); //cy.get('button').should('have.text', 'Update password');",
              "err": {},
              "uuid": "32287e65-ccd2-4cf3-9514-6eebb2b64fce",
              "parentUUID": "721e712e-41c6-49c7-8a34-24b158d8e333",
              "isHook": false,
              "skipped": false
            }
          ],
          "suites": [],
          "passes": [
            "32287e65-ccd2-4cf3-9514-6eebb2b64fce"
          ],
          "failures": [],
          "pending": [],
          "skipped": [],
          "duration": 4995,
          "root": false,
          "rootEmpty": false,
          "_timeout": 2000
        }
      ],
      "passes": [],
      "failures": [],
      "pending": [],
      "skipped": [],
      "duration": 0,
      "root": true,
      "rootEmpty": true,
      "_timeout": 2000
    }
  ],
  "meta": {
    "mocha": {
      "version": "7.0.1"
    },
    "mochawesome": {
      "options": {
        "quiet": false,
        "reportFilename": "mochawesome",
        "saveHtml": false,
        "saveJson": true,
        "consoleReporter": "spec",
        "useInlineDiffs": false,
        "code": true
      },
      "version": "7.1.2"
    },
    "marge": {
      "options": {
        "id": "default",
        "reportDir": "cypress/results/mochawesome",
        "quite": "true",
        "overwrite": false,
        "html": false,
        "json": true
      },
      "version": "6.1.1"
    }
  }
}