{
  "stats": {
    "suites": 1,
    "tests": 1,
    "passes": 1,
    "pending": 0,
    "failures": 0,
    "start": "2022-11-18T17:27:04.770Z",
    "end": "2022-11-18T17:27:09.089Z",
    "duration": 4319,
    "testsRegistered": 1,
    "passPercent": 100,
    "pendingPercent": 0,
    "other": 0,
    "hasOther": false,
    "skipped": 0,
    "hasSkipped": false
  },
  "results": [
    {
      "uuid": "3a1f67fc-23a3-4493-82f1-e161a329b1b6",
      "title": "",
      "fullFile": "cypress\\e2e\\features\\login.feature",
      "file": "cypress\\e2e\\features\\login.feature",
      "beforeHooks": [],
      "afterHooks": [],
      "tests": [],
      "suites": [
        {
          "uuid": "fe503cd7-d196-4380-b501-dbefa68a5b65",
          "title": "Test Login form via Chemsoft NG",
          "fullFile": "",
          "file": "",
          "beforeHooks": [],
          "afterHooks": [],
          "tests": [
            {
              "title": "Should be able to log in via Login form",
              "fullTitle": "Test Login form via Chemsoft NG Should be able to log in via Login form",
              "timedOut": null,
              "duration": 4275,
              "state": "passed",
              "speed": "fast",
              "pass": true,
              "fail": false,
              "pending": false,
              "context": null,
              "code": "const state = window.testState;\nreturn cy\n  .then(() => state.onStartScenario(scenario, indexedSteps))\n  .then(() =>\n    resolveAndRunBeforeHooks.call(this, scenario.tags, state.feature.name)\n  )\n  .then(() =>\n    indexedSteps.forEach((step) =>\n      stepTest.call(this, state, step, rowData)\n    )\n  )\n  .then(() => state.onFinishScenario(scenario));",
              "err": {},
              "uuid": "480bc221-fd35-4f30-962d-10f127560b14",
              "parentUUID": "fe503cd7-d196-4380-b501-dbefa68a5b65",
              "isHook": false,
              "skipped": false
            }
          ],
          "suites": [],
          "passes": [
            "480bc221-fd35-4f30-962d-10f127560b14"
          ],
          "failures": [],
          "pending": [],
          "skipped": [],
          "duration": 4275,
          "root": false,
          "rootEmpty": false,
          "_timeout": 2000
        }
      ],
      "passes": [],
      "failures": [],
      "pending": [],
      "skipped": [],
      "duration": 0,
      "root": true,
      "rootEmpty": true,
      "_timeout": 2000
    }
  ],
  "meta": {
    "mocha": {
      "version": "7.0.1"
    },
    "mochawesome": {
      "options": {
        "quiet": false,
        "reportFilename": "mochawesome",
        "saveHtml": false,
        "saveJson": true,
        "consoleReporter": "spec",
        "useInlineDiffs": false,
        "code": true
      },
      "version": "7.1.3"
    },
    "marge": {
      "options": {
        "id": "default",
        "reportDir": "cypress/results/mochawesome",
        "quite": "true",
        "overwrite": false,
        "html": false,
        "json": true
      },
      "version": "6.2.0"
    }
  }
}