{
  "stats": {
    "suites": 2,
    "tests": 4,
    "passes": 4,
    "pending": 0,
    "failures": 0,
    "start": "2022-11-18T17:23:54.414Z",
    "end": "2022-11-18T17:24:07.302Z",
    "duration": 12888,
    "testsRegistered": 4,
    "passPercent": 100,
    "pendingPercent": 0,
    "other": 0,
    "hasOther": false,
    "skipped": 0,
    "hasSkipped": false
  },
  "results": [
    {
      "uuid": "4a4329a3-83a0-4395-ae2e-1b88cca7a6d6",
      "title": "",
      "fullFile": "cypress\\e2e\\1-Login started\\log-in.js",
      "file": "cypress\\e2e\\1-Login started\\log-in.js",
      "beforeHooks": [],
      "afterHooks": [],
      "tests": [],
      "suites": [
        {
          "uuid": "7c4c2042-8015-4673-99c3-d13399f61c57",
          "title": "Test Login form via Chemsoft NG",
          "fullFile": "",
          "file": "",
          "beforeHooks": [],
          "afterHooks": [],
          "tests": [
            {
              "title": "Should be able to log in via Login form",
              "fullTitle": "Test Login form via Chemsoft NG Should be able to log in via Login form",
              "timedOut": null,
              "duration": 4683,
              "state": "passed",
              "speed": "fast",
              "pass": true,
              "fail": false,
              "pending": false,
              "context": null,
              "code": "cy.get('a > img[alt=\"Chemsoft\"]').should('have.attr', 'alt', 'Chemsoft');",
              "err": {},
              "uuid": "355f976d-1df0-4841-952d-194f509089d2",
              "parentUUID": "7c4c2042-8015-4673-99c3-d13399f61c57",
              "isHook": false,
              "skipped": false
            },
            {
              "title": "Should not be able to log in via Login form",
              "fullTitle": "Test Login form via Chemsoft NG Should not be able to log in via Login form",
              "timedOut": null,
              "duration": 4038,
              "state": "passed",
              "speed": "fast",
              "pass": true,
              "fail": false,
              "pending": false,
              "context": null,
              "code": "cy.get('a > img[alt=\"Chemsoft\"]').should('have.attr', 'alt', 'Chemsoft');",
              "err": {},
              "uuid": "302c95a5-85f0-43de-b5ba-b6cf9f3c4b49",
              "parentUUID": "7c4c2042-8015-4673-99c3-d13399f61c57",
              "isHook": false,
              "skipped": false
            }
          ],
          "suites": [],
          "passes": [
            "355f976d-1df0-4841-952d-194f509089d2",
            "302c95a5-85f0-43de-b5ba-b6cf9f3c4b49"
          ],
          "failures": [],
          "pending": [],
          "skipped": [],
          "duration": 8721,
          "root": false,
          "rootEmpty": false,
          "_timeout": 2000
        },
        {
          "uuid": "47d845c8-120f-407e-ac65-7c2235ede4ad",
          "title": "Test Login form via Chemsoft NG - failed login",
          "fullFile": "",
          "file": "",
          "beforeHooks": [],
          "afterHooks": [],
          "tests": [
            {
              "title": "Should not be able to log in via Login form - wrong user name",
              "fullTitle": "Test Login form via Chemsoft NG - failed login Should not be able to log in via Login form - wrong user name",
              "timedOut": null,
              "duration": 2019,
              "state": "passed",
              "speed": "fast",
              "pass": true,
              "fail": false,
              "pending": false,
              "context": null,
              "code": "(0, _Homepage_PFM.visitHomepage)();\ncy.get('[name=\"user\"]').click();\ncy.get('.username > .form-control').type(\"somewrongUsername\");\ncy.get('.password > .form-control').type(\"somewrongpassword\");\ncy.get('.btn').contains('Sign in').click();\ncy.get('.alerts').should('have.html', '<div data-test=\"alert-message\" class=\"d-flex mr-auto\">Wrong username or password</div><button type=\"button\" class=\"close ml-3\"><span>×</span></button>');\n//cy.get('.alerts').should('have.html', '<div class=\"d-flex mr-auto\">Wrong username or password</div><button type=\"button\" class=\"close ml-3\"><span>×</span></button>');\ncy.get('.alerts').should('have.text', 'Wrong username or password×');",
              "err": {},
              "uuid": "ba702dac-de65-4cef-bc7d-0147a7d7113e",
              "parentUUID": "47d845c8-120f-407e-ac65-7c2235ede4ad",
              "isHook": false,
              "skipped": false
            },
            {
              "title": "Login via wrong Username and password",
              "fullTitle": "Test Login form via Chemsoft NG - failed login Login via wrong Username and password",
              "timedOut": null,
              "duration": 2076,
              "state": "passed",
              "speed": "fast",
              "pass": true,
              "fail": false,
              "pending": false,
              "context": null,
              "code": "/* ==== Generated with Cypress Studio ==== */\ncy.visit('https://dev04/system/login/chemsofttest');\ncy.get('[data-test=\"user-name\"]').clear('somewrongUsername');\ncy.get('[data-test=\"user-name\"]').type('somewrongUsername');\ncy.get('[data-test=\"password\"]').clear('sa');\ncy.get('[data-test=\"password\"]').type('sasasasassas');\ncy.get('[data-test=\"sign-in\"]').click();\n/* ==== End Cypress Studio ==== */\n/* ==== Generated with Cypress Studio ==== */\ncy.get('[data-test=\"alert-message\"]').should('have.attr', 'data-test', 'alert-message');\ncy.get('[data-test=\"alert-message\"]').should('be.visible');\ncy.get('.welcomeTxt > [data-test=\"intro-text\"]').should('have.attr', 'data-test', 'intro-text');\ncy.get('.welcomeTxt > [data-test=\"intro-text\"]').should('be.visible');\ncy.get('.welcomeTxt > [data-test=\"info-text\"]').should('have.attr', 'data-test', 'info-text');\ncy.get('.welcomeTxt > [data-test=\"info-text\"]').should('be.visible');\n/* ==== End Cypress Studio ==== */",
              "err": {},
              "uuid": "b98477dd-fda8-46ba-846f-0ed8d83b256e",
              "parentUUID": "47d845c8-120f-407e-ac65-7c2235ede4ad",
              "isHook": false,
              "skipped": false
            }
          ],
          "suites": [],
          "passes": [
            "ba702dac-de65-4cef-bc7d-0147a7d7113e",
            "b98477dd-fda8-46ba-846f-0ed8d83b256e"
          ],
          "failures": [],
          "pending": [],
          "skipped": [],
          "duration": 4095,
          "root": false,
          "rootEmpty": false,
          "_timeout": 2000
        }
      ],
      "passes": [],
      "failures": [],
      "pending": [],
      "skipped": [],
      "duration": 0,
      "root": true,
      "rootEmpty": true,
      "_timeout": 2000
    }
  ],
  "meta": {
    "mocha": {
      "version": "7.0.1"
    },
    "mochawesome": {
      "options": {
        "quiet": false,
        "reportFilename": "mochawesome",
        "saveHtml": false,
        "saveJson": true,
        "consoleReporter": "spec",
        "useInlineDiffs": false,
        "code": true
      },
      "version": "7.1.3"
    },
    "marge": {
      "options": {
        "id": "default",
        "reportDir": "cypress/results/mochawesome",
        "quite": "true",
        "overwrite": false,
        "html": false,
        "json": true
      },
      "version": "6.2.0"
    }
  }
}