{
  "stats": {
    "suites": 1,
    "tests": 1,
    "passes": 1,
    "pending": 0,
    "failures": 0,
    "start": "2022-03-23T14:15:40.954Z",
    "end": "2022-03-23T14:15:47.650Z",
    "duration": 6696,
    "testsRegistered": 1,
    "passPercent": 100,
    "pendingPercent": 0,
    "other": 0,
    "hasOther": false,
    "skipped": 0,
    "hasSkipped": false
  },
  "results": [
    {
      "uuid": "14e549de-e072-4c59-93f6-c54c6aaea3db",
      "title": "",
      "fullFile": "cypress/integration/2-iterate-over-elements/iterate-over-elements.js",
      "file": "cypress/integration/2-iterate-over-elements/iterate-over-elements.js",
      "beforeHooks": [],
      "afterHooks": [],
      "tests": [],
      "suites": [
        {
          "uuid": "9af63893-5b23-4500-9cf5-70da197d6297",
          "title": "Iterate over elements",
          "fullFile": "",
          "file": "",
          "beforeHooks": [],
          "afterHooks": [],
          "tests": [
            {
              "title": "Log information of product",
              "fullTitle": "Iterate over elements Log information of product",
              "timedOut": null,
              "duration": 6657,
              "state": "passed",
              "speed": "medium",
              "pass": true,
              "fail": false,
              "pending": false,
              "context": null,
              "code": "cy.get(\".prodNo\").each(($el, index, $list) => {//console.log(\"Index: \" + index + \" : \" + $el.text());\n  //cy.log(\"Index: \" + index + \" : \" + $el.text());\n});\ncy.get(\".prodNo\").eq(4).invoke('text').as('prodNo');\ncy.get('@prodNo').its('length').should('be.gt', 0); //cy.get('@prodNo').should('include', 'Sigma');",
              "err": {},
              "uuid": "c3bbdd3d-5fef-458e-bb33-d364f6dd5d9e",
              "parentUUID": "9af63893-5b23-4500-9cf5-70da197d6297",
              "isHook": false,
              "skipped": false
            }
          ],
          "suites": [],
          "passes": [
            "c3bbdd3d-5fef-458e-bb33-d364f6dd5d9e"
          ],
          "failures": [],
          "pending": [],
          "skipped": [],
          "duration": 6657,
          "root": false,
          "rootEmpty": false,
          "_timeout": 2000
        }
      ],
      "passes": [],
      "failures": [],
      "pending": [],
      "skipped": [],
      "duration": 0,
      "root": true,
      "rootEmpty": true,
      "_timeout": 2000
    }
  ],
  "meta": {
    "mocha": {
      "version": "7.0.1"
    },
    "mochawesome": {
      "options": {
        "quiet": false,
        "reportFilename": "mochawesome",
        "saveHtml": false,
        "saveJson": true,
        "consoleReporter": "spec",
        "useInlineDiffs": false,
        "code": true
      },
      "version": "7.1.2"
    },
    "marge": {
      "options": {
        "id": "default",
        "reportDir": "cypress/results/mochawesome",
        "quite": "true",
        "overwrite": false,
        "html": false,
        "json": true
      },
      "version": "6.1.1"
    }
  }
}