{
  "stats": {
    "suites": 1,
    "tests": 3,
    "passes": 2,
    "pending": 1,
    "failures": 0,
    "start": "2022-10-14T12:03:11.587Z",
    "end": "2022-10-14T12:03:28.723Z",
    "duration": 17136,
    "testsRegistered": 3,
    "passPercent": 100,
    "pendingPercent": 33.33333333333333,
    "other": 0,
    "hasOther": false,
    "skipped": 0,
    "hasSkipped": false
  },
  "results": [
    {
      "uuid": "cc9983eb-ba26-4cfa-a20e-d3a96a178065",
      "title": "",
      "fullFile": "cypress\\e2e\\5-Verify checkboxes\\checkboxes.js",
      "file": "cypress\\e2e\\5-Verify checkboxes\\checkboxes.js",
      "beforeHooks": [],
      "afterHooks": [],
      "tests": [],
      "suites": [
        {
          "uuid": "31192181-40cb-4f02-ad24-8ca26c463900",
          "title": "Move, copy and delete product in chemsoft",
          "fullFile": "",
          "file": "",
          "beforeHooks": [],
          "afterHooks": [],
          "tests": [
            {
              "title": "Check product and move it on desired department",
              "fullTitle": "Move, copy and delete product in chemsoft Check product and move it on desired department",
              "timedOut": null,
              "duration": 7879,
              "state": "passed",
              "speed": "medium",
              "pass": true,
              "fail": false,
              "pending": false,
              "context": null,
              "code": "cy.get('[href=\"/system/chemicals/inventory\"]').click();\ncy.get('.d-flex > :nth-child(2) > .icon-move').click({\n  force: true\n});\ncy.get(':nth-child(2) > .d-flex > :nth-child(2) > .icons').click({\n  force: true\n});\ncy.get('.eqtree-children > :nth-child(2) > span > a').click({\n  force: true\n});\ncy.get('[title=\"OK\"]').click({\n  force: true\n});\n//cy.get('.tickerWrap > :nth-child(2) > div').should('have.text', 'We\\'re sorry to inform you that something went wrong processing your request.'); - the bug is reproduced and catched\ncy.get('.title > span').should('have.text', 'Last modified:');\ncy.url().should('include', 'chemicals/inventory');",
              "err": {},
              "uuid": "ffe69748-55df-4afd-8956-123f624bc11e",
              "parentUUID": "31192181-40cb-4f02-ad24-8ca26c463900",
              "isHook": false,
              "skipped": false
            },
            {
              "title": "Check product and copy it on desired department",
              "fullTitle": "Move, copy and delete product in chemsoft Check product and copy it on desired department",
              "timedOut": null,
              "duration": 9167,
              "state": "passed",
              "speed": "medium",
              "pass": true,
              "fail": false,
              "pending": false,
              "context": null,
              "code": "cy.get('[href=\"/system/chemicals/inventory\"]').click();\ncy.get('.d-flex > :nth-child(2) > .icon-move').click({\n  force: true\n});\ncy.get('.mainTtl > :nth-child(1) > .d-flex > :nth-child(2)').click({\n  force: true\n});\ncy.get('.eqtree-open > .eqtree-children > :nth-child(2) > span > a').click({\n  multiple: true\n});\ncy.get('[title=\"OK\"]').click({\n  force: true\n});\n//cy.get('.tickerWrap > :nth-child(2) > div').should('not.have.text', 'We\\'re sorry to inform you that something went wrong processing your request.'); - the bug is reproduced and catched\ncy.get('.title > span').should('have.text', 'Last modified:');\ncy.url().should('include', 'chemicals/inventory');",
              "err": {},
              "uuid": "0ac1dc46-d4ab-4de0-932f-3b9f350d1c8d",
              "parentUUID": "31192181-40cb-4f02-ad24-8ca26c463900",
              "isHook": false,
              "skipped": false
            },
            {
              "title": "Check frontEnd BUG",
              "fullTitle": "Move, copy and delete product in chemsoft Check frontEnd BUG",
              "timedOut": null,
              "duration": 0,
              "state": "pending",
              "speed": null,
              "pass": false,
              "fail": false,
              "pending": true,
              "context": null,
              "code": "",
              "err": {},
              "uuid": "24146b9a-6848-47b9-93b5-c7e825b6974b",
              "parentUUID": "31192181-40cb-4f02-ad24-8ca26c463900",
              "isHook": false,
              "skipped": false
            }
          ],
          "suites": [],
          "passes": [
            "ffe69748-55df-4afd-8956-123f624bc11e",
            "0ac1dc46-d4ab-4de0-932f-3b9f350d1c8d"
          ],
          "failures": [],
          "pending": [
            "24146b9a-6848-47b9-93b5-c7e825b6974b"
          ],
          "skipped": [],
          "duration": 17046,
          "root": false,
          "rootEmpty": false,
          "_timeout": 2000
        }
      ],
      "passes": [],
      "failures": [],
      "pending": [],
      "skipped": [],
      "duration": 0,
      "root": true,
      "rootEmpty": true,
      "_timeout": 2000
    }
  ],
  "meta": {
    "mocha": {
      "version": "7.0.1"
    },
    "mochawesome": {
      "options": {
        "quiet": false,
        "reportFilename": "mochawesome",
        "saveHtml": false,
        "saveJson": true,
        "consoleReporter": "spec",
        "useInlineDiffs": false,
        "code": true
      },
      "version": "7.1.3"
    },
    "marge": {
      "options": {
        "id": "default",
        "reportDir": "cypress/results/mochawesome",
        "quite": "true",
        "overwrite": false,
        "html": false,
        "json": true
      },
      "version": "6.2.0"
    }
  }
}