{
  "stats": {
    "suites": 1,
    "tests": 6,
    "passes": 5,
    "pending": 1,
    "failures": 0,
    "start": "2022-11-18T23:33:38.769Z",
    "end": "2022-11-18T23:34:18.137Z",
    "duration": 39368,
    "testsRegistered": 6,
    "passPercent": 100,
    "pendingPercent": 16.666666666666664,
    "other": 0,
    "hasOther": false,
    "skipped": 0,
    "hasSkipped": false
  },
  "results": [
    {
      "uuid": "25680770-6a6e-4261-ba1f-89871e0860c1",
      "title": "",
      "fullFile": "cypress\\e2e\\2-iterate-over-elements\\iterate-over-elements.js",
      "file": "cypress\\e2e\\2-iterate-over-elements\\iterate-over-elements.js",
      "beforeHooks": [],
      "afterHooks": [],
      "tests": [],
      "suites": [
        {
          "uuid": "064cb81d-77ea-409f-b1e5-b581737e5be7",
          "title": "Iterate over elements",
          "fullFile": "",
          "file": "",
          "beforeHooks": [],
          "afterHooks": [],
          "tests": [
            {
              "title": "Log information of product",
              "fullTitle": "Iterate over elements Log information of product",
              "timedOut": null,
              "duration": 6478,
              "state": "passed",
              "speed": "medium",
              "pass": true,
              "fail": false,
              "pending": false,
              "context": null,
              "code": "cy.get(\".prodNo\").each(function ($el, index, $list) {\n  //console.log(\"Index: \" + index + \" : \" + $el.text());\n  //cy.log(\"Index: \" + index + \" : \" + $el.text());\n});\ncy.get(\".prodNo\").eq(4).invoke('text').as('prodNo');\ncy.get('@prodNo').its('length').should('be.gt', 0);\n//cy.get('@prodNo').should('include', 'Sigma');",
              "err": {},
              "uuid": "9517653f-f784-48b9-8042-47c574bd3380",
              "parentUUID": "064cb81d-77ea-409f-b1e5-b581737e5be7",
              "isHook": false,
              "skipped": false
            },
            {
              "title": "Validate a first specific product",
              "fullTitle": "Iterate over elements Validate a first specific product",
              "timedOut": null,
              "duration": 6994,
              "state": "passed",
              "speed": "medium",
              "pass": true,
              "fail": false,
              "pending": false,
              "context": null,
              "code": "cy.get(\".prodNo\").eq(1).invoke('text').as('prodNo');\ncy.get('@prodNo').its('length').should('be.gt', 0);\ncy.get('@prodNo').should('include', 'Sigma');",
              "err": {},
              "uuid": "f6e1d89c-c126-42bb-baed-0dafd65e8fc8",
              "parentUUID": "064cb81d-77ea-409f-b1e5-b581737e5be7",
              "isHook": false,
              "skipped": false
            },
            {
              "title": "Validate a second specific produc",
              "fullTitle": "Iterate over elements Validate a second specific produc",
              "timedOut": null,
              "duration": 7353,
              "state": "passed",
              "speed": "medium",
              "pass": true,
              "fail": false,
              "pending": false,
              "context": null,
              "code": "cy.get(\".prodNo\").eq(1).invoke('text').as('prodNo');\ncy.get('@prodNo').its('length').should('be.gt', 0);\ncy.get('@prodNo').should('include', 'Sigma 309451Test');",
              "err": {},
              "uuid": "d2ed62b1-00d4-430f-84cf-bf4740795f60",
              "parentUUID": "064cb81d-77ea-409f-b1e5-b581737e5be7",
              "isHook": false,
              "skipped": false
            },
            {
              "title": "Validate a third specific produc",
              "fullTitle": "Iterate over elements Validate a third specific produc",
              "timedOut": null,
              "duration": 9190,
              "state": "passed",
              "speed": "medium",
              "pass": true,
              "fail": false,
              "pending": false,
              "context": null,
              "code": "cy.get('.tablinks').contains('Assembled').click();\ncy.get(\".prodName\").eq(2).invoke('text').as('prodName');\ncy.get('@prodName').its('length').should('be.gt', 0);\ncy.get('@prodName').should('include', \"(-)-3',5'-O-(1,1,3,3-TETRAISOPROPYL-1,3-\");",
              "err": {},
              "uuid": "68898932-d0b2-4066-8e68-c62996d93e39",
              "parentUUID": "064cb81d-77ea-409f-b1e5-b581737e5be7",
              "isHook": false,
              "skipped": false
            },
            {
              "title": "Validate a fourth specific produc",
              "fullTitle": "Iterate over elements Validate a fourth specific produc",
              "timedOut": null,
              "duration": 9187,
              "state": "passed",
              "speed": "medium",
              "pass": true,
              "fail": false,
              "pending": false,
              "context": null,
              "code": "cy.get('.tablinks').contains('Assembled').click();\ncy.get(\".symbols\").as('symbol');\ncy.get('@symbol').should('have.length', 21);\ncy.get('@symbol').find(\".iconPx24\").invoke('attr', 'title').should('include', 'Xi');",
              "err": {},
              "uuid": "f15ccf7b-3e35-478b-be3f-f26fd2a1c1b8",
              "parentUUID": "064cb81d-77ea-409f-b1e5-b581737e5be7",
              "isHook": false,
              "skipped": false
            },
            {
              "title": "Validate a fifth specific produc",
              "fullTitle": "Iterate over elements Validate a fifth specific produc",
              "timedOut": null,
              "duration": 0,
              "state": "pending",
              "speed": null,
              "pass": false,
              "fail": false,
              "pending": true,
              "context": null,
              "code": "",
              "err": {},
              "uuid": "997c65dd-204a-4f29-9b8c-4e7c558a2647",
              "parentUUID": "064cb81d-77ea-409f-b1e5-b581737e5be7",
              "isHook": false,
              "skipped": false
            }
          ],
          "suites": [],
          "passes": [
            "9517653f-f784-48b9-8042-47c574bd3380",
            "f6e1d89c-c126-42bb-baed-0dafd65e8fc8",
            "d2ed62b1-00d4-430f-84cf-bf4740795f60",
            "68898932-d0b2-4066-8e68-c62996d93e39",
            "f15ccf7b-3e35-478b-be3f-f26fd2a1c1b8"
          ],
          "failures": [],
          "pending": [
            "997c65dd-204a-4f29-9b8c-4e7c558a2647"
          ],
          "skipped": [],
          "duration": 39202,
          "root": false,
          "rootEmpty": false,
          "_timeout": 2000
        }
      ],
      "passes": [],
      "failures": [],
      "pending": [],
      "skipped": [],
      "duration": 0,
      "root": true,
      "rootEmpty": true,
      "_timeout": 2000
    }
  ],
  "meta": {
    "mocha": {
      "version": "7.0.1"
    },
    "mochawesome": {
      "options": {
        "quiet": false,
        "reportFilename": "mochawesome",
        "saveHtml": false,
        "saveJson": true,
        "consoleReporter": "spec",
        "useInlineDiffs": false,
        "code": true
      },
      "version": "7.1.3"
    },
    "marge": {
      "options": {
        "id": "default",
        "reportDir": "cypress/results/mochawesome",
        "quite": "true",
        "overwrite": false,
        "html": false,
        "json": true
      },
      "version": "6.2.0"
    }
  }
}