{
  "stats": {
    "suites": 1,
    "tests": 3,
    "passes": 3,
    "pending": 0,
    "failures": 0,
    "start": "2022-04-28T14:00:03.299Z",
    "end": "2022-04-28T14:00:37.464Z",
    "duration": 34165,
    "testsRegistered": 3,
    "passPercent": 100,
    "pendingPercent": 0,
    "other": 0,
    "hasOther": false,
    "skipped": 0,
    "hasSkipped": false
  },
  "results": [
    {
      "uuid": "202a27ef-244e-4ebd-82a4-cccfed36a6b1",
      "title": "",
      "fullFile": "cypress/integration/3-alerts/js-alerts.js",
      "file": "cypress/integration/3-alerts/js-alerts.js",
      "beforeHooks": [],
      "afterHooks": [],
      "tests": [],
      "suites": [
        {
          "uuid": "c91115d1-a057-4390-b27b-3cd1730bfd95",
          "title": "Handle JS alerts",
          "fullFile": "",
          "file": "",
          "beforeHooks": [],
          "afterHooks": [],
          "tests": [
            {
              "title": "Confirm JS alerts contains the correct text",
              "fullTitle": "Handle JS alerts Confirm JS alerts contains the correct text",
              "timedOut": null,
              "duration": 11516,
              "state": "passed",
              "speed": "slow",
              "pass": true,
              "fail": false,
              "pending": false,
              "context": null,
              "code": "cy.get('[href=\"/system/chemicals/risk_assessment/risks\"]').click();\ncy.get(':nth-child(2) > td.prodName > a').click();\ncy.get('.tablinks').contains('Handling').click();\ncy.xpath('//html/body/div[1]/div/main/div/div/div[2]/div/div[2]/div[2]/div[1]/div[1]/div/div/input').click({\n  force: true\n}).type('sdsd');\ncy.get('.mainMenu > :nth-child(2) > .nav-link').click();\ncy.get('.card > .card-body > h6').eq(1).should('have.text', 'You have unsaved data. Are you sure you want to proceed?');",
              "err": {},
              "uuid": "9bdf6443-189d-4817-b575-ab75d13a3d7c",
              "parentUUID": "c91115d1-a057-4390-b27b-3cd1730bfd95",
              "isHook": false,
              "skipped": false
            },
            {
              "title": "Validate confirm alert box works correctly when user clicks OK",
              "fullTitle": "Handle JS alerts Validate confirm alert box works correctly when user clicks OK",
              "timedOut": null,
              "duration": 11923,
              "state": "passed",
              "speed": "slow",
              "pass": true,
              "fail": false,
              "pending": false,
              "context": null,
              "code": "cy.get('[href=\"/system/chemicals/risk_assessment/risks\"]').click();\ncy.get(':nth-child(11) > td.prodName > a').click();\ncy.get('.tablinks').contains('Risk evaluation and actions').click();\ncy.get('.col-2 > :nth-child(1) > .dateInp > .mx-input-wrapper > .mx-input').eq(0).click();\ncy.get('.col-2 > :nth-child(1) > .dateInp > .mx-input-wrapper > .mx-input').click();\ncy.get('.cell').eq(7).should('have.attr', 'data-row-col', '1,0').click();\ncy.get('.nav-link').contains('List').click();\ncy.get('.card > .card-body > h6').eq(1).should('have.text', 'You have unsaved data. Are you sure you want to proceed?');\ncy.get(':nth-child(8) > .modalCard > .card > .card-body > .pt-4 > [title=\"OK\"]').click(); // cy.on('window:alert', (str) => {\n//     expect(str).to.equal('You have unsaved data. Are you sure you want to proceed?')\n// })\ncy.url().should('include', 'chemical_list/department');",
              "err": {},
              "uuid": "437794f7-e317-4a95-a0ba-3d672fc9e67e",
              "parentUUID": "c91115d1-a057-4390-b27b-3cd1730bfd95",
              "isHook": false,
              "skipped": false
            },
            {
              "title": "Validate confirm alert box works correctly when user clicks Cancel",
              "fullTitle": "Handle JS alerts Validate confirm alert box works correctly when user clicks Cancel",
              "timedOut": null,
              "duration": 10646,
              "state": "passed",
              "speed": "slow",
              "pass": true,
              "fail": false,
              "pending": false,
              "context": null,
              "code": "cy.get('[href=\"/system/chemicals/risk_assessment/risks\"]').click();\ncy.get(':nth-child(11) > td.prodName > a').click();\ncy.get('.tablinks').contains('Risk evaluation and actions').click();\ncy.get('.col-2 > :nth-child(1) > .dateInp > .mx-input-wrapper > .mx-input').eq(0).click();\ncy.get('.col-2 > :nth-child(1) > .dateInp > .mx-input-wrapper > .mx-input').click();\ncy.get('.cell').eq(7).should('have.attr', 'data-row-col', '1,0').click();\ncy.get('.nav-link').contains('List').click();\ncy.get('.card > .card-body > h6').eq(1).should('have.text', 'You have unsaved data. Are you sure you want to proceed?');\ncy.get(':nth-child(8) > .modalCard > .card > .card-body > .pt-4 > [title=\"Cancel\"]').click(); // cy.on('window:confirm', () => {\n//     return true;\n// })\ncy.url().should('include', 'evaluation');",
              "err": {},
              "uuid": "c6b3a9f2-d964-472c-8fee-6bddda035e49",
              "parentUUID": "c91115d1-a057-4390-b27b-3cd1730bfd95",
              "isHook": false,
              "skipped": false
            }
          ],
          "suites": [],
          "passes": [
            "9bdf6443-189d-4817-b575-ab75d13a3d7c",
            "437794f7-e317-4a95-a0ba-3d672fc9e67e",
            "c6b3a9f2-d964-472c-8fee-6bddda035e49"
          ],
          "failures": [],
          "pending": [],
          "skipped": [],
          "duration": 34085,
          "root": false,
          "rootEmpty": false,
          "_timeout": 2000
        }
      ],
      "passes": [],
      "failures": [],
      "pending": [],
      "skipped": [],
      "duration": 0,
      "root": true,
      "rootEmpty": true,
      "_timeout": 2000
    }
  ],
  "meta": {
    "mocha": {
      "version": "7.0.1"
    },
    "mochawesome": {
      "options": {
        "quiet": false,
        "reportFilename": "mochawesome",
        "saveHtml": false,
        "saveJson": true,
        "consoleReporter": "spec",
        "useInlineDiffs": false,
        "code": true
      },
      "version": "7.1.2"
    },
    "marge": {
      "options": {
        "id": "default",
        "reportDir": "cypress/results/mochawesome",
        "quite": "true",
        "overwrite": false,
        "html": false,
        "json": true
      },
      "version": "6.1.1"
    }
  }
}