{
  "stats": {
    "suites": 1,
    "tests": 3,
    "passes": 2,
    "pending": 1,
    "failures": 0,
    "start": "2022-11-18T23:31:58.295Z",
    "end": "2022-11-18T23:32:13.960Z",
    "duration": 15665,
    "testsRegistered": 3,
    "passPercent": 100,
    "pendingPercent": 33.33333333333333,
    "other": 0,
    "hasOther": false,
    "skipped": 0,
    "hasSkipped": false
  },
  "results": [
    {
      "uuid": "67d6364b-1cdc-498c-8676-53c245336904",
      "title": "",
      "fullFile": "cypress\\e2e\\5-Verify checkboxes\\checkboxes.js",
      "file": "cypress\\e2e\\5-Verify checkboxes\\checkboxes.js",
      "beforeHooks": [],
      "afterHooks": [],
      "tests": [],
      "suites": [
        {
          "uuid": "b535a11e-b2a2-489c-829e-05ff8147aae9",
          "title": "Move, copy and delete product in chemsoft",
          "fullFile": "",
          "file": "",
          "beforeHooks": [],
          "afterHooks": [],
          "tests": [
            {
              "title": "Check product and move it on desired department",
              "fullTitle": "Move, copy and delete product in chemsoft Check product and move it on desired department",
              "timedOut": null,
              "duration": 8215,
              "state": "passed",
              "speed": "medium",
              "pass": true,
              "fail": false,
              "pending": false,
              "context": null,
              "code": "cy.get('[href=\"/system/chemicals/inventory\"]').click();\ncy.get('.d-flex > :nth-child(2) > .icon-move').click({\n  force: true\n});\ncy.get(':nth-child(2) > .d-flex > :nth-child(2) > .icons').click({\n  force: true\n});\ncy.get('.eqtree-children > :nth-child(2) > span > a').click({\n  force: true\n});\ncy.get('[title=\"OK\"]').click({\n  force: true\n});\n//cy.get('.tickerWrap > :nth-child(2) > div').should('have.text', 'We\\'re sorry to inform you that something went wrong processing your request.'); - the bug is reproduced and catched\ncy.get('.title > span').should('have.text', 'Last modified:');\ncy.url().should('include', 'chemicals/inventory');",
              "err": {},
              "uuid": "5ce1dd26-1f37-4b1a-9453-27a6a39b2d02",
              "parentUUID": "b535a11e-b2a2-489c-829e-05ff8147aae9",
              "isHook": false,
              "skipped": false
            },
            {
              "title": "Check product and copy it on desired department",
              "fullTitle": "Move, copy and delete product in chemsoft Check product and copy it on desired department",
              "timedOut": null,
              "duration": 7391,
              "state": "passed",
              "speed": "medium",
              "pass": true,
              "fail": false,
              "pending": false,
              "context": null,
              "code": "cy.get('[href=\"/system/chemicals/inventory\"]').click();\ncy.get('.d-flex > :nth-child(2) > .icon-move').click({\n  force: true\n});\ncy.get('.mainTtl > :nth-child(1) > .d-flex > :nth-child(2)').click({\n  force: true\n});\ncy.get('.eqtree-open > .eqtree-children > :nth-child(2) > span > a').click({\n  multiple: true\n});\ncy.get('[title=\"OK\"]').click({\n  force: true\n});\n//cy.get('.tickerWrap > :nth-child(2) > div').should('not.have.text', 'We\\'re sorry to inform you that something went wrong processing your request.'); - the bug is reproduced and catched\ncy.get('.title > span').should('have.text', 'Last modified:');\ncy.url().should('include', 'chemicals/inventory');",
              "err": {},
              "uuid": "4be152a2-a93e-443e-8b43-dd824bf79362",
              "parentUUID": "b535a11e-b2a2-489c-829e-05ff8147aae9",
              "isHook": false,
              "skipped": false
            },
            {
              "title": "Check frontEnd BUG",
              "fullTitle": "Move, copy and delete product in chemsoft Check frontEnd BUG",
              "timedOut": null,
              "duration": 0,
              "state": "pending",
              "speed": null,
              "pass": false,
              "fail": false,
              "pending": true,
              "context": null,
              "code": "",
              "err": {},
              "uuid": "189dd786-3975-4d47-bfa4-c48d5a2907d8",
              "parentUUID": "b535a11e-b2a2-489c-829e-05ff8147aae9",
              "isHook": false,
              "skipped": false
            }
          ],
          "suites": [],
          "passes": [
            "5ce1dd26-1f37-4b1a-9453-27a6a39b2d02",
            "4be152a2-a93e-443e-8b43-dd824bf79362"
          ],
          "failures": [],
          "pending": [
            "189dd786-3975-4d47-bfa4-c48d5a2907d8"
          ],
          "skipped": [],
          "duration": 15606,
          "root": false,
          "rootEmpty": false,
          "_timeout": 2000
        }
      ],
      "passes": [],
      "failures": [],
      "pending": [],
      "skipped": [],
      "duration": 0,
      "root": true,
      "rootEmpty": true,
      "_timeout": 2000
    }
  ],
  "meta": {
    "mocha": {
      "version": "7.0.1"
    },
    "mochawesome": {
      "options": {
        "quiet": false,
        "reportFilename": "mochawesome",
        "saveHtml": false,
        "saveJson": true,
        "consoleReporter": "spec",
        "useInlineDiffs": false,
        "code": true
      },
      "version": "7.1.3"
    },
    "marge": {
      "options": {
        "id": "default",
        "reportDir": "cypress/results/mochawesome",
        "quite": "true",
        "overwrite": false,
        "html": false,
        "json": true
      },
      "version": "6.2.0"
    }
  }
}