{
  "stats": {
    "suites": 1,
    "tests": 3,
    "passes": 3,
    "pending": 0,
    "failures": 0,
    "start": "2022-11-18T23:35:10.765Z",
    "end": "2022-11-18T23:35:46.532Z",
    "duration": 35767,
    "testsRegistered": 3,
    "passPercent": 100,
    "pendingPercent": 0,
    "other": 0,
    "hasOther": false,
    "skipped": 0,
    "hasSkipped": false
  },
  "results": [
    {
      "uuid": "c5ce22ff-ee99-4a23-99d8-fe88693360b7",
      "title": "",
      "fullFile": "cypress\\e2e\\6-Drop-down lists\\drop-down.js",
      "file": "cypress\\e2e\\6-Drop-down lists\\drop-down.js",
      "beforeHooks": [],
      "afterHooks": [],
      "tests": [],
      "suites": [
        {
          "uuid": "24186e20-ac89-4666-b003-266ac20dc49d",
          "title": "Interact with drop-down list",
          "fullFile": "",
          "file": "",
          "beforeHooks": [],
          "afterHooks": [],
          "tests": [
            {
              "title": "Find specific values in drop-down Process category list on Handling step in Chemsoft",
              "fullTitle": "Interact with drop-down list Find specific values in drop-down Process category list on Handling step in Chemsoft",
              "timedOut": null,
              "duration": 11675,
              "state": "passed",
              "speed": "slow",
              "pass": true,
              "fail": false,
              "pending": false,
              "context": null,
              "code": "cy.get('.dropdown-item').contains('Risk assessment').click({\n  force: true\n});\ncy.get(\".prodName\").eq(4).click({\n  force: true\n});\ncy.get(':nth-child(1) > td.prodName > a').click();\ncy.get(\".form-control > *\").each(function ($el, index, $list) {\n  var prod = $el.text();\n  var productToSelect = \"Svenska\";\n  console.log(\"Index: \" + index + \" : \" + $el.text());\n  if (prod === productToSelect) {\n    $el.trigger(\"click\");\n    cy.contains('Svenska').should('have.value', '2').click({\n      force: true\n    });\n  }\n});\ncy.get('.pt-4 > .col-3').contains(\"Activity\");",
              "err": {},
              "uuid": "2517d245-94ba-446c-aa89-aea4be5d9201",
              "parentUUID": "24186e20-ac89-4666-b003-266ac20dc49d",
              "isHook": false,
              "skipped": false
            },
            {
              "title": "Select specific values in drop-down Ventilation list on Handling step in Chemsoft",
              "fullTitle": "Interact with drop-down list Select specific values in drop-down Ventilation list on Handling step in Chemsoft",
              "timedOut": null,
              "duration": 11800,
              "state": "passed",
              "speed": "slow",
              "pass": true,
              "fail": false,
              "pending": false,
              "context": null,
              "code": "cy.get('.dropdown-item').contains('Risk assessment').click({\n  force: true\n});\ncy.get(\".prodName\").eq(5).click({\n  force: true\n});\ncy.get(':nth-child(2) > .prodName > a').click();\ncy.get(\".form-control > *\").each(function ($el, index, $list) {\n  var prod = $el.text();\n  var productToSelect = \"\";\n  console.log(\"Index: \" + index + \" : \" + $el.text());\n  if (prod === productToSelect) {\n    $el.trigger(\"click\");\n    cy.contains('Svenska').should('have.value', '2').click({\n      force: true\n    });\n  }\n});\ncy.get(':nth-child(1) > .align-items-center > .col-3').contains(\"Department\");",
              "err": {},
              "uuid": "89ed7bc7-09ad-47d4-8c44-95856a218be5",
              "parentUUID": "24186e20-ac89-4666-b003-266ac20dc49d",
              "isHook": false,
              "skipped": false
            },
            {
              "title": "Select specific values in drop-down Handling type list on Handling step in Chemsoft",
              "fullTitle": "Interact with drop-down list Select specific values in drop-down Handling type list on Handling step in Chemsoft",
              "timedOut": null,
              "duration": 12181,
              "state": "passed",
              "speed": "slow",
              "pass": true,
              "fail": false,
              "pending": false,
              "context": null,
              "code": "cy.get('.dropdown-item').contains('Risk assessment').click({\n  force: true\n});\ncy.get(\".prodName\").eq(6).click({\n  force: true\n});\ncy.get(':nth-child(1) > td.prodName > a').click();\ncy.get(\".form-control > *\").each(function ($el, index, $list) {\n  var prod = $el.text();\n  var productToSelect = \"\";\n  console.log(\"Index: \" + index + \" : \" + $el.text());\n  if (prod === productToSelect) {\n    $el.trigger(\"click\");\n    cy.contains('Svenska').should('have.value', '2').click({\n      force: true\n    });\n  }\n});\ncy.get(':nth-child(1) > :nth-child(4) > .col-3').contains(\"Additional sources of risk:\");",
              "err": {},
              "uuid": "63b37e25-c724-4d75-9d29-eef627531394",
              "parentUUID": "24186e20-ac89-4666-b003-266ac20dc49d",
              "isHook": false,
              "skipped": false
            }
          ],
          "suites": [],
          "passes": [
            "2517d245-94ba-446c-aa89-aea4be5d9201",
            "89ed7bc7-09ad-47d4-8c44-95856a218be5",
            "63b37e25-c724-4d75-9d29-eef627531394"
          ],
          "failures": [],
          "pending": [],
          "skipped": [],
          "duration": 35656,
          "root": false,
          "rootEmpty": false,
          "_timeout": 2000
        }
      ],
      "passes": [],
      "failures": [],
      "pending": [],
      "skipped": [],
      "duration": 0,
      "root": true,
      "rootEmpty": true,
      "_timeout": 2000
    }
  ],
  "meta": {
    "mocha": {
      "version": "7.0.1"
    },
    "mochawesome": {
      "options": {
        "quiet": false,
        "reportFilename": "mochawesome",
        "saveHtml": false,
        "saveJson": true,
        "consoleReporter": "spec",
        "useInlineDiffs": false,
        "code": true
      },
      "version": "7.1.3"
    },
    "marge": {
      "options": {
        "id": "default",
        "reportDir": "cypress/results/mochawesome",
        "quite": "true",
        "overwrite": false,
        "html": false,
        "json": true
      },
      "version": "6.2.0"
    }
  }
}