{
  "stats": {
    "suites": 1,
    "tests": 3,
    "passes": 2,
    "pending": 1,
    "failures": 0,
    "start": "2022-04-28T14:01:35.865Z",
    "end": "2022-04-28T14:01:51.438Z",
    "duration": 15573,
    "testsRegistered": 3,
    "passPercent": 100,
    "pendingPercent": 33.33333333333333,
    "other": 0,
    "hasOther": false,
    "skipped": 0,
    "hasSkipped": false
  },
  "results": [
    {
      "uuid": "232dac88-af90-4f7d-9294-9eb904ede397",
      "title": "",
      "fullFile": "cypress/integration/5-Verify checkboxes/checkboxes.js",
      "file": "cypress/integration/5-Verify checkboxes/checkboxes.js",
      "beforeHooks": [],
      "afterHooks": [],
      "tests": [],
      "suites": [
        {
          "uuid": "5d458b9c-b25e-45fb-b486-bf0083481293",
          "title": "Move, copy and delete product in chemsoft",
          "fullFile": "",
          "file": "",
          "beforeHooks": [],
          "afterHooks": [],
          "tests": [
            {
              "title": "Check product and move it on desired department",
              "fullTitle": "Move, copy and delete product in chemsoft Check product and move it on desired department",
              "timedOut": null,
              "duration": 6805,
              "state": "passed",
              "speed": "medium",
              "pass": true,
              "fail": false,
              "pending": false,
              "context": null,
              "code": "cy.get('[href=\"/system/chemicals/inventory\"]').click();\ncy.get('.d-flex > :nth-child(2) > .icon-move').click({\n  force: true\n});\ncy.get(':nth-child(2) > .d-flex > :nth-child(2) > .icons').click({\n  force: true\n});\ncy.get('.eqtree-children > :nth-child(2) > span > a').click({\n  force: true\n});\ncy.get('[title=\"OK\"]').click({\n  force: true\n}); //cy.get('.tickerWrap > :nth-child(2) > div').should('have.text', 'We\\'re sorry to inform you that something went wrong processing your request.'); - the bug is reproduced and catched\ncy.get('.title > span').should('have.text', 'Last modified:');\ncy.url().should('include', 'chemicals/inventory');",
              "err": {},
              "uuid": "de2760f3-a68c-4c38-b60c-da9d0441b5bb",
              "parentUUID": "5d458b9c-b25e-45fb-b486-bf0083481293",
              "isHook": false,
              "skipped": false
            },
            {
              "title": "Check product and copy it on desired department",
              "fullTitle": "Move, copy and delete product in chemsoft Check product and copy it on desired department",
              "timedOut": null,
              "duration": 8695,
              "state": "passed",
              "speed": "medium",
              "pass": true,
              "fail": false,
              "pending": false,
              "context": null,
              "code": "cy.get('[href=\"/system/chemicals/inventory\"]').click();\ncy.get('.d-flex > :nth-child(2) > .icon-move').click({\n  force: true\n});\ncy.get('.mainTtl > :nth-child(1) > .d-flex > :nth-child(2)').click({\n  force: true\n});\ncy.get('.eqtree-open > .eqtree-children > :nth-child(2) > span > a').click({\n  multiple: true\n});\ncy.get('[title=\"OK\"]').click({\n  force: true\n}); //cy.get('.tickerWrap > :nth-child(2) > div').should('not.have.text', 'We\\'re sorry to inform you that something went wrong processing your request.'); - the bug is reproduced and catched\ncy.get('.title > span').should('have.text', 'Last modified:');\ncy.url().should('include', 'chemicals/inventory');",
              "err": {},
              "uuid": "783edaba-f716-4fb1-b86b-9704ccc57b9c",
              "parentUUID": "5d458b9c-b25e-45fb-b486-bf0083481293",
              "isHook": false,
              "skipped": false
            },
            {
              "title": "Check frontEnd BUG",
              "fullTitle": "Move, copy and delete product in chemsoft Check frontEnd BUG",
              "timedOut": null,
              "duration": 0,
              "state": "pending",
              "speed": null,
              "pass": false,
              "fail": false,
              "pending": true,
              "context": null,
              "code": "",
              "err": {},
              "uuid": "5b712775-42b6-4a00-8762-bfc85652defd",
              "parentUUID": "5d458b9c-b25e-45fb-b486-bf0083481293",
              "isHook": false,
              "skipped": false
            }
          ],
          "suites": [],
          "passes": [
            "de2760f3-a68c-4c38-b60c-da9d0441b5bb",
            "783edaba-f716-4fb1-b86b-9704ccc57b9c"
          ],
          "failures": [],
          "pending": [
            "5b712775-42b6-4a00-8762-bfc85652defd"
          ],
          "skipped": [],
          "duration": 15500,
          "root": false,
          "rootEmpty": false,
          "_timeout": 2000
        }
      ],
      "passes": [],
      "failures": [],
      "pending": [],
      "skipped": [],
      "duration": 0,
      "root": true,
      "rootEmpty": true,
      "_timeout": 2000
    }
  ],
  "meta": {
    "mocha": {
      "version": "7.0.1"
    },
    "mochawesome": {
      "options": {
        "quiet": false,
        "reportFilename": "mochawesome",
        "saveHtml": false,
        "saveJson": true,
        "consoleReporter": "spec",
        "useInlineDiffs": false,
        "code": true
      },
      "version": "7.1.2"
    },
    "marge": {
      "options": {
        "id": "default",
        "reportDir": "cypress/results/mochawesome",
        "quite": "true",
        "overwrite": false,
        "html": false,
        "json": true
      },
      "version": "6.1.1"
    }
  }
}