{
  "stats": {
    "suites": 1,
    "tests": 3,
    "passes": 3,
    "pending": 0,
    "failures": 0,
    "start": "2022-11-18T23:34:26.257Z",
    "end": "2022-11-18T23:35:02.637Z",
    "duration": 36380,
    "testsRegistered": 3,
    "passPercent": 100,
    "pendingPercent": 0,
    "other": 0,
    "hasOther": false,
    "skipped": 0,
    "hasSkipped": false
  },
  "results": [
    {
      "uuid": "bdae37a5-e87f-4295-868a-3c707a54afd3",
      "title": "",
      "fullFile": "cypress\\e2e\\3-alerts\\js-alerts.js",
      "file": "cypress\\e2e\\3-alerts\\js-alerts.js",
      "beforeHooks": [],
      "afterHooks": [],
      "tests": [],
      "suites": [
        {
          "uuid": "0bb4e026-7e89-4ac6-b703-2dc8768925f2",
          "title": "Handle JS alerts",
          "fullFile": "",
          "file": "",
          "beforeHooks": [],
          "afterHooks": [],
          "tests": [
            {
              "title": "Confirm JS alerts contains the correct text",
              "fullTitle": "Handle JS alerts Confirm JS alerts contains the correct text",
              "timedOut": null,
              "duration": 12206,
              "state": "passed",
              "speed": "slow",
              "pass": true,
              "fail": false,
              "pending": false,
              "context": null,
              "code": "cy.get('[href=\"/system/chemicals/risk_assessment/risks\"]').click();\ncy.get(':nth-child(2) > td.prodName > a').click();\ncy.get('.tablinks').contains('Handling').click();\ncy.xpath('//html/body/div[1]/div/main/div/div/div[2]/div/div[2]/div[2]/div[1]/div[1]/div/div/input').click({\n  force: true\n}).type('sdsd');\ncy.get('.mainMenu > :nth-child(2) > .nav-link').click();\ncy.get('.card > .card-body > h6').eq(1).should('have.text', 'You have unsaved data. Are you sure you want to proceed?');",
              "err": {},
              "uuid": "ce02b944-8228-4d97-ab17-8c462a5b708e",
              "parentUUID": "0bb4e026-7e89-4ac6-b703-2dc8768925f2",
              "isHook": false,
              "skipped": false
            },
            {
              "title": "Validate confirm alert box works correctly when user clicks OK",
              "fullTitle": "Handle JS alerts Validate confirm alert box works correctly when user clicks OK",
              "timedOut": null,
              "duration": 12769,
              "state": "passed",
              "speed": "slow",
              "pass": true,
              "fail": false,
              "pending": false,
              "context": null,
              "code": "cy.get('[href=\"/system/chemicals/risk_assessment/risks\"]').click();\ncy.get(':nth-child(11) > td.prodName > a').click();\ncy.get('.tablinks').contains('Risk evaluation and actions').click();\ncy.get('.col-2 > :nth-child(1) > .dateInp > .mx-input-wrapper > .mx-input').eq(0).click();\ncy.get('.col-2 > :nth-child(1) > .dateInp > .mx-input-wrapper > .mx-input').click();\ncy.get('.cell').eq(7).should('have.attr', 'data-row-col', '1,0').click();\ncy.get('.nav-link').contains('List').click();\ncy.get('.card > .card-body > h6').eq(1).should('have.text', 'You have unsaved data. Are you sure you want to proceed?');\ncy.get(':nth-child(8) > .modalCard > .card > .card-body > .pt-4 > [title=\"OK\"]').click();\n// cy.on('window:alert', (str) => {\n//     expect(str).to.equal('You have unsaved data. Are you sure you want to proceed?')\n// })\ncy.url().should('include', 'chemical_list/department');",
              "err": {},
              "uuid": "e2d369b2-ba80-4aa2-b50e-c1b8ccd3aa25",
              "parentUUID": "0bb4e026-7e89-4ac6-b703-2dc8768925f2",
              "isHook": false,
              "skipped": false
            },
            {
              "title": "Validate confirm alert box works correctly when user clicks Cancel",
              "fullTitle": "Handle JS alerts Validate confirm alert box works correctly when user clicks Cancel",
              "timedOut": null,
              "duration": 11292,
              "state": "passed",
              "speed": "slow",
              "pass": true,
              "fail": false,
              "pending": false,
              "context": null,
              "code": "cy.get('[href=\"/system/chemicals/risk_assessment/risks\"]').click();\ncy.get(':nth-child(11) > td.prodName > a').click();\ncy.get('.tablinks').contains('Risk evaluation and actions').click();\ncy.get('.col-2 > :nth-child(1) > .dateInp > .mx-input-wrapper > .mx-input').eq(0).click();\ncy.get('.col-2 > :nth-child(1) > .dateInp > .mx-input-wrapper > .mx-input').click();\ncy.get('.cell').eq(7).should('have.attr', 'data-row-col', '1,0').click();\ncy.get('.nav-link').contains('List').click();\ncy.get('.card > .card-body > h6').eq(1).should('have.text', 'You have unsaved data. Are you sure you want to proceed?');\ncy.get(':nth-child(8) > .modalCard > .card > .card-body > .pt-4 > [title=\"Cancel\"]').click();\n// cy.on('window:confirm', () => {\n//     return true;\n// })\ncy.url().should('include', 'evaluation');",
              "err": {},
              "uuid": "6b6676fd-e286-450f-8cf1-717c34581ddf",
              "parentUUID": "0bb4e026-7e89-4ac6-b703-2dc8768925f2",
              "isHook": false,
              "skipped": false
            }
          ],
          "suites": [],
          "passes": [
            "ce02b944-8228-4d97-ab17-8c462a5b708e",
            "e2d369b2-ba80-4aa2-b50e-c1b8ccd3aa25",
            "6b6676fd-e286-450f-8cf1-717c34581ddf"
          ],
          "failures": [],
          "pending": [],
          "skipped": [],
          "duration": 36267,
          "root": false,
          "rootEmpty": false,
          "_timeout": 2000
        }
      ],
      "passes": [],
      "failures": [],
      "pending": [],
      "skipped": [],
      "duration": 0,
      "root": true,
      "rootEmpty": true,
      "_timeout": 2000
    }
  ],
  "meta": {
    "mocha": {
      "version": "7.0.1"
    },
    "mochawesome": {
      "options": {
        "quiet": false,
        "reportFilename": "mochawesome",
        "saveHtml": false,
        "saveJson": true,
        "consoleReporter": "spec",
        "useInlineDiffs": false,
        "code": true
      },
      "version": "7.1.3"
    },
    "marge": {
      "options": {
        "id": "default",
        "reportDir": "cypress/results/mochawesome",
        "quite": "true",
        "overwrite": false,
        "html": false,
        "json": true
      },
      "version": "6.2.0"
    }
  }
}