{
  "stats": {
    "suites": 1,
    "tests": 2,
    "passes": 1,
    "pending": 1,
    "failures": 0,
    "start": "2022-10-14T12:02:39.261Z",
    "end": "2022-10-14T12:03:03.894Z",
    "duration": 24633,
    "testsRegistered": 2,
    "passPercent": 100,
    "pendingPercent": 50,
    "other": 0,
    "hasOther": false,
    "skipped": 0,
    "hasSkipped": false
  },
  "results": [
    {
      "uuid": "369613a5-fedc-4a5b-81d8-906fa6629688",
      "title": "",
      "fullFile": "cypress\\e2e\\4-Navigation\\chemsoft-navigation.js",
      "file": "cypress\\e2e\\4-Navigation\\chemsoft-navigation.js",
      "beforeHooks": [],
      "afterHooks": [],
      "tests": [],
      "suites": [
        {
          "uuid": "f9f5f3bf-652b-4d9f-8d37-b5a65a58e411",
          "title": "Validate Chemsoft home page links",
          "fullFile": "",
          "file": "",
          "beforeHooks": [],
          "afterHooks": [],
          "tests": [
            {
              "title": "Confirm links redirect to the correct pages - Chemsoft NG",
              "fullTitle": "Validate Chemsoft home page links Confirm links redirect to the correct pages - Chemsoft NG",
              "timedOut": null,
              "duration": 24548,
              "state": "passed",
              "speed": "slow",
              "pass": true,
              "fail": false,
              "pending": false,
              "context": null,
              "code": "cy.visit(\"https://dev04/system/login/chemsofttest\");\ncy.url().should('include', 'chemsofttest');\ncy.get('.username > .form-control').type(\"miljan\");\ncy.get('.btn').contains('Sign in').click();\ncy.url().should('include', 'system');\ncy.wait(10000);\ncy.go('back');\ncy.url().should('include', 'chemsofttest');\ncy.reload();\ncy.url().should('include', 'https://dev04/system/login/chemsofttest');\ncy.get('.username > .form-control').type(\"miljan\");\ncy.get('.btn').contains('Sign in').click();\ncy.url().should('include', 'system');\ncy.wait(10000);\ncy.go('back');\ncy.get('[name=\"user\"]').click();\ncy.get('.username > .form-control').type(\"wrongUserName\");\ncy.get('.btn').contains('Sign in').click();\ncy.get('.alerts').should('have.text', 'Wrong username or password×');",
              "err": {},
              "uuid": "a7e28718-0234-49b2-9893-628e4df4bccf",
              "parentUUID": "f9f5f3bf-652b-4d9f-8d37-b5a65a58e411",
              "isHook": false,
              "skipped": false
            },
            {
              "title": "Confirm links redirect to the correct pages - iChemistry",
              "fullTitle": "Validate Chemsoft home page links Confirm links redirect to the correct pages - iChemistry",
              "timedOut": null,
              "duration": 0,
              "state": "pending",
              "speed": null,
              "pass": false,
              "fail": false,
              "pending": true,
              "context": null,
              "code": "",
              "err": {},
              "uuid": "4b029132-1cfd-4df2-a355-b2852b9de4dd",
              "parentUUID": "f9f5f3bf-652b-4d9f-8d37-b5a65a58e411",
              "isHook": false,
              "skipped": false
            }
          ],
          "suites": [],
          "passes": [
            "a7e28718-0234-49b2-9893-628e4df4bccf"
          ],
          "failures": [],
          "pending": [
            "4b029132-1cfd-4df2-a355-b2852b9de4dd"
          ],
          "skipped": [],
          "duration": 24548,
          "root": false,
          "rootEmpty": false,
          "_timeout": 2000
        }
      ],
      "passes": [],
      "failures": [],
      "pending": [],
      "skipped": [],
      "duration": 0,
      "root": true,
      "rootEmpty": true,
      "_timeout": 2000
    }
  ],
  "meta": {
    "mocha": {
      "version": "7.0.1"
    },
    "mochawesome": {
      "options": {
        "quiet": false,
        "reportFilename": "mochawesome",
        "saveHtml": false,
        "saveJson": true,
        "consoleReporter": "spec",
        "useInlineDiffs": false,
        "code": true
      },
      "version": "7.1.3"
    },
    "marge": {
      "options": {
        "id": "default",
        "reportDir": "cypress/results/mochawesome",
        "quite": "true",
        "overwrite": false,
        "html": false,
        "json": true
      },
      "version": "6.2.0"
    }
  }
}