{
  "stats": {
    "suites": 1,
    "tests": 5,
    "passes": 5,
    "pending": 0,
    "failures": 0,
    "start": "2022-03-21T16:42:35.439Z",
    "end": "2022-03-21T16:43:15.128Z",
    "duration": 39689,
    "testsRegistered": 5,
    "passPercent": 100,
    "pendingPercent": 0,
    "other": 0,
    "hasOther": false,
    "skipped": 0,
    "hasSkipped": false
  },
  "results": [
    {
      "uuid": "2e3e0abe-517e-4020-9f7a-03603ee01667",
      "title": "",
      "fullFile": "cypress/integration/2-iterate-over-elements/iterate-over-elements.js",
      "file": "cypress/integration/2-iterate-over-elements/iterate-over-elements.js",
      "beforeHooks": [],
      "afterHooks": [],
      "tests": [],
      "suites": [
        {
          "uuid": "38c0ca48-0254-41a3-a9d1-64787bcaa070",
          "title": "Iterate over elements",
          "fullFile": "",
          "file": "",
          "beforeHooks": [],
          "afterHooks": [],
          "tests": [
            {
              "title": "Log information of product",
              "fullTitle": "Iterate over elements Log information of product",
              "timedOut": null,
              "duration": 4488,
              "state": "passed",
              "speed": "fast",
              "pass": true,
              "fail": false,
              "pending": false,
              "context": null,
              "code": "cy.visit(\"https://dev04/system/login/chemsofttest\");\ncy.get('[name=\"user\"]').click();\ncy.get('.username > .form-control').type(\"miljan\");\ncy.get('.btn').contains('Sign in').click();\ncy.get('.nav-link').contains('List').click(); // cy.get(\".prodNo\").each(($el, index, $list) => {\n//     cy.log(\"Index: \" + index + \" : \" + $el.text());",
              "err": {},
              "uuid": "d798125f-11ab-4c67-be63-e391b4dae839",
              "parentUUID": "38c0ca48-0254-41a3-a9d1-64787bcaa070",
              "isHook": false,
              "skipped": false
            },
            {
              "title": "Choose a specific product",
              "fullTitle": "Iterate over elements Choose a specific product",
              "timedOut": null,
              "duration": 7415,
              "state": "passed",
              "speed": "medium",
              "pass": true,
              "fail": false,
              "pending": false,
              "context": null,
              "code": "cy.visit(\"https://dev04/system/login/chemsofttest\");\ncy.get('[name=\"user\"]').click();\ncy.get('.username > .form-control').type(\"miljan\");\ncy.get('.btn').contains('Sign in').click();\ncy.get('.nav-link').contains('List').click();\ncy.get(\".prodNo\").each(($el, index, $list) => {\n  if ($el.text() === 'Sigma 61887') {\n    cy.wrap($el).click();\n  }\n  ;\n});",
              "err": {},
              "uuid": "88cd307b-a114-4199-9790-265f26f2f384",
              "parentUUID": "38c0ca48-0254-41a3-a9d1-64787bcaa070",
              "isHook": false,
              "skipped": false
            },
            {
              "title": "Validate a specific produc",
              "fullTitle": "Iterate over elements Validate a specific produc",
              "timedOut": null,
              "duration": 7866,
              "state": "passed",
              "speed": "medium",
              "pass": true,
              "fail": false,
              "pending": false,
              "context": null,
              "code": "cy.visit(\"https://dev04/system/login/chemsofttest\");\ncy.get('[name=\"user\"]').click();\ncy.get('.username > .form-control').type(\"miljan\");\ncy.get('.btn').contains('Sign in').click();\ncy.get('.nav-link').contains('List').click();\ncy.get(\".prodNo\").eq(1).invoke('text').as('prodNo');\ncy.get('@prodNo').its('length').should('be.gt', 0);\ncy.get('@prodNo').should('include', 'Sigma 309451Test');",
              "err": {},
              "uuid": "7c385626-fedf-4b13-9cc9-e651aee1e01b",
              "parentUUID": "38c0ca48-0254-41a3-a9d1-64787bcaa070",
              "isHook": false,
              "skipped": false
            },
            {
              "title": "Validate a specific produc",
              "fullTitle": "Iterate over elements Validate a specific produc",
              "timedOut": null,
              "duration": 9693,
              "state": "passed",
              "speed": "medium",
              "pass": true,
              "fail": false,
              "pending": false,
              "context": null,
              "code": "cy.visit(\"https://dev04/system/login/chemsofttest\");\ncy.get('[name=\"user\"]').click();\ncy.get('.username > .form-control').type(\"miljan\");\ncy.get('.btn').contains('Sign in').click();\ncy.get('.nav-link').contains('List').click();\ncy.get('.tablinks').contains('Assembled').click();\ncy.get(\".prodName\").eq(2).invoke('text').as('prodName');\ncy.get('@prodName').its('length').should('be.gt', 0);\ncy.get('@prodName').should('include', \"(-)-3',5'-O-(1,1,3,3-TETRAISOPROPYL-1,3-\");",
              "err": {},
              "uuid": "1c37dd0d-73af-45bd-b0b8-9e2f25c92274",
              "parentUUID": "38c0ca48-0254-41a3-a9d1-64787bcaa070",
              "isHook": false,
              "skipped": false
            },
            {
              "title": "Validate a specific produc",
              "fullTitle": "Iterate over elements Validate a specific produc",
              "timedOut": null,
              "duration": 9281,
              "state": "passed",
              "speed": "medium",
              "pass": true,
              "fail": false,
              "pending": false,
              "context": null,
              "code": "cy.visit(\"https://dev04/system/login/chemsofttest\");\ncy.get('[name=\"user\"]').click();\ncy.get('.username > .form-control').type(\"miljan\");\ncy.get('.btn').contains('Sign in').click();\ncy.get('.nav-link').contains('List').click();\ncy.get('.tablinks').contains('Assembled').click();\ncy.get(\".symbols\").as('symbol');\ncy.get('@symbol').should('have.length', 21);\ncy.get('@symbol').find(\".iconPx24\").invoke('attr', 'title').should('include', 'Xi');",
              "err": {},
              "uuid": "65d2108a-90cf-46c6-96dd-b2da41efe499",
              "parentUUID": "38c0ca48-0254-41a3-a9d1-64787bcaa070",
              "isHook": false,
              "skipped": false
            }
          ],
          "suites": [],
          "passes": [
            "d798125f-11ab-4c67-be63-e391b4dae839",
            "88cd307b-a114-4199-9790-265f26f2f384",
            "7c385626-fedf-4b13-9cc9-e651aee1e01b",
            "1c37dd0d-73af-45bd-b0b8-9e2f25c92274",
            "65d2108a-90cf-46c6-96dd-b2da41efe499"
          ],
          "failures": [],
          "pending": [],
          "skipped": [],
          "duration": 38743,
          "root": false,
          "rootEmpty": false,
          "_timeout": 2000
        }
      ],
      "passes": [],
      "failures": [],
      "pending": [],
      "skipped": [],
      "duration": 0,
      "root": true,
      "rootEmpty": true,
      "_timeout": 2000
    }
  ],
  "meta": {
    "mocha": {
      "version": "7.0.1"
    },
    "mochawesome": {
      "options": {
        "quiet": false,
        "reportFilename": "mochawesome",
        "saveHtml": false,
        "saveJson": true,
        "consoleReporter": "spec",
        "useInlineDiffs": false,
        "code": true
      },
      "version": "7.1.2"
    },
    "marge": {
      "options": {
        "id": "default",
        "reportDir": "cypress/results/mochawesome",
        "quite": "true",
        "overwrite": false,
        "html": false,
        "json": true
      },
      "version": "6.1.1"
    }
  }
}