{
  "stats": {
    "suites": 1,
    "tests": 6,
    "passes": 5,
    "pending": 1,
    "failures": 0,
    "start": "2022-11-18T23:32:49.235Z",
    "end": "2022-11-18T23:33:30.201Z",
    "duration": 40966,
    "testsRegistered": 6,
    "passPercent": 100,
    "pendingPercent": 16.666666666666664,
    "other": 0,
    "hasOther": false,
    "skipped": 0,
    "hasSkipped": false
  },
  "results": [
    {
      "uuid": "11662d70-522e-4a44-81e8-c75cacf113a8",
      "title": "",
      "fullFile": "cypress\\e2e\\2-iterate-over-elements\\iterate-over-elements-page-function-model.js",
      "file": "cypress\\e2e\\2-iterate-over-elements\\iterate-over-elements-page-function-model.js",
      "beforeHooks": [],
      "afterHooks": [],
      "tests": [],
      "suites": [
        {
          "uuid": "9beea52a-c68f-4b01-b11c-d08ce697eb1c",
          "title": "Iterate over elements",
          "fullFile": "",
          "file": "",
          "beforeHooks": [],
          "afterHooks": [],
          "tests": [
            {
              "title": "Log information of product",
              "fullTitle": "Iterate over elements Log information of product",
              "timedOut": null,
              "duration": 7192,
              "state": "passed",
              "speed": "medium",
              "pass": true,
              "fail": false,
              "pending": false,
              "context": null,
              "code": "cy.get(\".prodNo\").each(function ($el, index, $list) {\n  //console.log(\"Index: \" + index + \" : \" + $el.text());\n  //cy.log(\"Index: \" + index + \" : \" + $el.text());\n});\ncy.get(\".prodNo\").eq(4).invoke('text').as('prodNo');\ncy.get('@prodNo').its('length').should('be.gt', 0);\n//cy.get('@prodNo').should('include', 'Sigma');",
              "err": {},
              "uuid": "35fcf0cb-9392-43ae-8382-c804714e5f2d",
              "parentUUID": "9beea52a-c68f-4b01-b11c-d08ce697eb1c",
              "isHook": false,
              "skipped": false
            },
            {
              "title": "Validate a first specific product",
              "fullTitle": "Iterate over elements Validate a first specific product",
              "timedOut": null,
              "duration": 7620,
              "state": "passed",
              "speed": "medium",
              "pass": true,
              "fail": false,
              "pending": false,
              "context": null,
              "code": "cy.get(\".prodNo\").eq(1).invoke('text').as('prodNo');\ncy.get('@prodNo').its('length').should('be.gt', 0);\ncy.get('@prodNo').should('include', 'Sigma');",
              "err": {},
              "uuid": "fbf3b005-cc87-496b-8d94-80fb2f834b67",
              "parentUUID": "9beea52a-c68f-4b01-b11c-d08ce697eb1c",
              "isHook": false,
              "skipped": false
            },
            {
              "title": "Validate a second specific produc",
              "fullTitle": "Iterate over elements Validate a second specific produc",
              "timedOut": null,
              "duration": 7632,
              "state": "passed",
              "speed": "medium",
              "pass": true,
              "fail": false,
              "pending": false,
              "context": null,
              "code": "cy.get(\".prodNo\").eq(1).invoke('text').as('prodNo');\ncy.get('@prodNo').its('length').should('be.gt', 0);\ncy.get('@prodNo').should('include', 'Sigma 309451Test');",
              "err": {},
              "uuid": "6e695080-4cc1-483b-ac7d-4ea72ec8ff47",
              "parentUUID": "9beea52a-c68f-4b01-b11c-d08ce697eb1c",
              "isHook": false,
              "skipped": false
            },
            {
              "title": "Validate a third specific produc",
              "fullTitle": "Iterate over elements Validate a third specific produc",
              "timedOut": null,
              "duration": 9114,
              "state": "passed",
              "speed": "medium",
              "pass": true,
              "fail": false,
              "pending": false,
              "context": null,
              "code": "cy.get('.tablinks').contains('Assembled').click();\ncy.get(\".prodName\").eq(2).invoke('text').as('prodName');\ncy.get('@prodName').its('length').should('be.gt', 0);\ncy.get('@prodName').should('include', \"(-)-3',5'-O-(1,1,3,3-TETRAISOPROPYL-1,3-\");",
              "err": {},
              "uuid": "1b1f69d5-2d46-4c80-ac57-50e4081fdc0f",
              "parentUUID": "9beea52a-c68f-4b01-b11c-d08ce697eb1c",
              "isHook": false,
              "skipped": false
            },
            {
              "title": "Validate a fourth specific produc",
              "fullTitle": "Iterate over elements Validate a fourth specific produc",
              "timedOut": null,
              "duration": 9226,
              "state": "passed",
              "speed": "medium",
              "pass": true,
              "fail": false,
              "pending": false,
              "context": null,
              "code": "cy.get('.tablinks').contains('Assembled').click();\ncy.get(\".symbols\").as('symbol');\ncy.get('@symbol').should('have.length', 21);\ncy.get('@symbol').find(\".iconPx24\").invoke('attr', 'title').should('include', 'Xi');",
              "err": {},
              "uuid": "21da1414-0187-45cb-9f2e-283f9640c67b",
              "parentUUID": "9beea52a-c68f-4b01-b11c-d08ce697eb1c",
              "isHook": false,
              "skipped": false
            },
            {
              "title": "Validate a fifth specific produc",
              "fullTitle": "Iterate over elements Validate a fifth specific produc",
              "timedOut": null,
              "duration": 0,
              "state": "pending",
              "speed": null,
              "pass": false,
              "fail": false,
              "pending": true,
              "context": null,
              "code": "",
              "err": {},
              "uuid": "7502fa3f-4482-4672-a59c-331b2d28d1ed",
              "parentUUID": "9beea52a-c68f-4b01-b11c-d08ce697eb1c",
              "isHook": false,
              "skipped": false
            }
          ],
          "suites": [],
          "passes": [
            "35fcf0cb-9392-43ae-8382-c804714e5f2d",
            "fbf3b005-cc87-496b-8d94-80fb2f834b67",
            "6e695080-4cc1-483b-ac7d-4ea72ec8ff47",
            "1b1f69d5-2d46-4c80-ac57-50e4081fdc0f",
            "21da1414-0187-45cb-9f2e-283f9640c67b"
          ],
          "failures": [],
          "pending": [
            "7502fa3f-4482-4672-a59c-331b2d28d1ed"
          ],
          "skipped": [],
          "duration": 40784,
          "root": false,
          "rootEmpty": false,
          "_timeout": 2000
        }
      ],
      "passes": [],
      "failures": [],
      "pending": [],
      "skipped": [],
      "duration": 0,
      "root": true,
      "rootEmpty": true,
      "_timeout": 2000
    }
  ],
  "meta": {
    "mocha": {
      "version": "7.0.1"
    },
    "mochawesome": {
      "options": {
        "quiet": false,
        "reportFilename": "mochawesome",
        "saveHtml": false,
        "saveJson": true,
        "consoleReporter": "spec",
        "useInlineDiffs": false,
        "code": true
      },
      "version": "7.1.3"
    },
    "marge": {
      "options": {
        "id": "default",
        "reportDir": "cypress/results/mochawesome",
        "quite": "true",
        "overwrite": false,
        "html": false,
        "json": true
      },
      "version": "6.2.0"
    }
  }
}