{
  "stats": {
    "suites": 1,
    "tests": 1,
    "passes": 0,
    "pending": 0,
    "failures": 1,
    "start": "2022-04-28T13:57:08.342Z",
    "end": "2022-04-28T13:57:38.167Z",
    "duration": 29825,
    "testsRegistered": 1,
    "passPercent": 0,
    "pendingPercent": 0,
    "other": 0,
    "hasOther": false,
    "skipped": 0,
    "hasSkipped": false
  },
  "results": [
    {
      "uuid": "985e0ddc-6caf-4cd8-a1cd-2088f8dc7e02",
      "title": "",
      "fullFile": "cypress/integration/6-Drop-down lists/drop-down.js",
      "file": "cypress/integration/6-Drop-down lists/drop-down.js",
      "beforeHooks": [],
      "afterHooks": [],
      "tests": [],
      "suites": [
        {
          "uuid": "07cd75db-fa4b-4e1e-958a-c56238ecbe7d",
          "title": "Interact with drop-down list",
          "fullFile": "",
          "file": "",
          "beforeHooks": [],
          "afterHooks": [],
          "tests": [
            {
              "title": "Select specific values in drop-down list on Chemsoft",
              "fullTitle": "Interact with drop-down list Select specific values in drop-down list on Chemsoft",
              "timedOut": null,
              "duration": 29754,
              "state": "failed",
              "speed": null,
              "pass": false,
              "fail": true,
              "pending": false,
              "context": null,
              "code": "cy.get('.dropdown-item').contains('Risk assessment').click();\ncy.get(\".prodName\").eq(4).click();\ncy.get('.tab > :nth-child(1) > .d-flex > :nth-child(2)').click();\ncy.get(\".form-control > *\").each(($el, index, $list) => {\n  const prod = $el.text();\n  const productToSelect = \"PROC10 - Roller application or brushing\";\n  console.log(\"Index: \" + index + \" : \" + $el.text());\n  if (prod === productToSelect && index === 12) {\n    //$el.trigger(\"click\");\n    cy.get($el).should('have.value', '12').click({\n      force: true\n    });\n  }\n});\ncy.get(\".col\").should('have.text', 'PROC10 - Roller application or brushing');",
              "err": {
                "message": "AssertionError: Timed out retrying after 15000ms: Expected to find element: `.col`, but never found it.",
                "estack": "AssertionError: Timed out retrying after 15000ms: Expected to find element: `.col`, but never found it.\n    at Context.eval (https://dev04/__cypress/tests?p=cypress\\integration\\6-Drop-down%20lists\\drop-down.js:145:20)",
                "diff": null
              },
              "uuid": "aa95b16a-39ba-42b0-b2ed-453072ef35b0",
              "parentUUID": "07cd75db-fa4b-4e1e-958a-c56238ecbe7d",
              "isHook": false,
              "skipped": false
            }
          ],
          "suites": [],
          "passes": [],
          "failures": [
            "aa95b16a-39ba-42b0-b2ed-453072ef35b0"
          ],
          "pending": [],
          "skipped": [],
          "duration": 29754,
          "root": false,
          "rootEmpty": false,
          "_timeout": 2000
        }
      ],
      "passes": [],
      "failures": [],
      "pending": [],
      "skipped": [],
      "duration": 0,
      "root": true,
      "rootEmpty": true,
      "_timeout": 2000
    }
  ],
  "meta": {
    "mocha": {
      "version": "7.0.1"
    },
    "mochawesome": {
      "options": {
        "quiet": false,
        "reportFilename": "mochawesome",
        "saveHtml": false,
        "saveJson": true,
        "consoleReporter": "spec",
        "useInlineDiffs": false,
        "code": true
      },
      "version": "7.1.2"
    },
    "marge": {
      "options": {
        "id": "default",
        "reportDir": "cypress/results/mochawesome",
        "quite": "true",
        "overwrite": false,
        "html": false,
        "json": true
      },
      "version": "6.1.1"
    }
  }
}