{
  "stats": {
    "suites": 1,
    "tests": 3,
    "passes": 3,
    "pending": 0,
    "failures": 0,
    "start": "2022-03-23T14:15:24.066Z",
    "end": "2022-03-23T14:15:35.891Z",
    "duration": 11825,
    "testsRegistered": 3,
    "passPercent": 100,
    "pendingPercent": 0,
    "other": 0,
    "hasOther": false,
    "skipped": 0,
    "hasSkipped": false
  },
  "results": [
    {
      "uuid": "634cbb8b-d3b3-4fb9-9d8c-aafdcd0a3b58",
      "title": "",
      "fullFile": "cypress/integration/1-login-started/log-in.js",
      "file": "cypress/integration/1-login-started/log-in.js",
      "beforeHooks": [],
      "afterHooks": [],
      "tests": [],
      "suites": [
        {
          "uuid": "d79daef8-6f01-4e7b-b6f3-13416c6190a7",
          "title": "Test Login form via Chemsoft NG",
          "fullFile": "",
          "file": "",
          "beforeHooks": [],
          "afterHooks": [],
          "tests": [
            {
              "title": "Should be able to log in via Login form",
              "fullTitle": "Test Login form via Chemsoft NG Should be able to log in via Login form",
              "timedOut": null,
              "duration": 5015,
              "state": "passed",
              "speed": "medium",
              "pass": true,
              "fail": false,
              "pending": false,
              "context": null,
              "code": "cy.get('[name=\"user\"]').click();\ncy.get('.username > .form-control').type(\"miljan\");\ncy.get('.btn').contains('Sign in').click();\ncy.get('a > img[alt=\"Chemsoft\"]').should('have.attr', 'alt', 'Chemsoft');",
              "err": {},
              "uuid": "35b941b2-7490-439e-87bc-4d082b0e63b2",
              "parentUUID": "d79daef8-6f01-4e7b-b6f3-13416c6190a7",
              "isHook": false,
              "skipped": false
            },
            {
              "title": "Should not be able to log in via Login form",
              "fullTitle": "Test Login form via Chemsoft NG Should not be able to log in via Login form",
              "timedOut": null,
              "duration": 4461,
              "state": "passed",
              "speed": "fast",
              "pass": true,
              "fail": false,
              "pending": false,
              "context": null,
              "code": "cy.get('[name=\"user\"]').click();\ncy.get('.username > .form-control').type(\"zeljko\");\ncy.get('.password > .form-control').type(\"somewrongpassword\");\ncy.get('.btn').contains('Sign in').click();\ncy.get('a > img[alt=\"Chemsoft\"]').should('have.attr', 'alt', 'Chemsoft'); //cy.get('button').should('have.text', 'Update password');",
              "err": {},
              "uuid": "a6c42f06-7646-42d1-9c0d-1db8a5753a62",
              "parentUUID": "d79daef8-6f01-4e7b-b6f3-13416c6190a7",
              "isHook": false,
              "skipped": false
            },
            {
              "title": "Should not be able to log in via Login form - wrong user name",
              "fullTitle": "Test Login form via Chemsoft NG Should not be able to log in via Login form - wrong user name",
              "timedOut": null,
              "duration": 2286,
              "state": "passed",
              "speed": "fast",
              "pass": true,
              "fail": false,
              "pending": false,
              "context": null,
              "code": "cy.get('[name=\"user\"]').click();\ncy.get('.username > .form-control').type(\"somewrongUsername\");\ncy.get('.password > .form-control').type(\"somewrongpassword\");\ncy.get('.btn').contains('Sign in').click();\ncy.get('.alerts').should('have.html', '\\n\\tWrong user name or password\\n');\ncy.get('.alerts').should('have.text', '\\n\\tWrong user name or password\\n');",
              "err": {},
              "uuid": "8323be9f-9d23-4edf-8ed5-f04b07eb0b72",
              "parentUUID": "d79daef8-6f01-4e7b-b6f3-13416c6190a7",
              "isHook": false,
              "skipped": false
            }
          ],
          "suites": [],
          "passes": [
            "35b941b2-7490-439e-87bc-4d082b0e63b2",
            "a6c42f06-7646-42d1-9c0d-1db8a5753a62",
            "8323be9f-9d23-4edf-8ed5-f04b07eb0b72"
          ],
          "failures": [],
          "pending": [],
          "skipped": [],
          "duration": 11762,
          "root": false,
          "rootEmpty": false,
          "_timeout": 2000
        }
      ],
      "passes": [],
      "failures": [],
      "pending": [],
      "skipped": [],
      "duration": 0,
      "root": true,
      "rootEmpty": true,
      "_timeout": 2000
    }
  ],
  "meta": {
    "mocha": {
      "version": "7.0.1"
    },
    "mochawesome": {
      "options": {
        "quiet": false,
        "reportFilename": "mochawesome",
        "saveHtml": false,
        "saveJson": true,
        "consoleReporter": "spec",
        "useInlineDiffs": false,
        "code": true
      },
      "version": "7.1.2"
    },
    "marge": {
      "options": {
        "id": "default",
        "reportDir": "cypress/results/mochawesome",
        "quite": "true",
        "overwrite": false,
        "html": false,
        "json": true
      },
      "version": "6.1.1"
    }
  }
}