{
  "stats": {
    "suites": 2,
    "tests": 4,
    "passes": 4,
    "pending": 0,
    "failures": 0,
    "start": "2022-11-18T23:31:38.643Z",
    "end": "2022-11-18T23:31:53.285Z",
    "duration": 14642,
    "testsRegistered": 4,
    "passPercent": 100,
    "pendingPercent": 0,
    "other": 0,
    "hasOther": false,
    "skipped": 0,
    "hasSkipped": false
  },
  "results": [
    {
      "uuid": "bf4768d8-ef40-4a7e-a316-f1649fd7780f",
      "title": "",
      "fullFile": "cypress\\e2e\\1-Login started\\log-in.js",
      "file": "cypress\\e2e\\1-Login started\\log-in.js",
      "beforeHooks": [],
      "afterHooks": [],
      "tests": [],
      "suites": [
        {
          "uuid": "4449a138-83d5-490f-b34d-df1612d4817b",
          "title": "Test Login form via Chemsoft NG",
          "fullFile": "",
          "file": "",
          "beforeHooks": [],
          "afterHooks": [],
          "tests": [
            {
              "title": "Should be able to log in via Login form",
              "fullTitle": "Test Login form via Chemsoft NG Should be able to log in via Login form",
              "timedOut": null,
              "duration": 5043,
              "state": "passed",
              "speed": "medium",
              "pass": true,
              "fail": false,
              "pending": false,
              "context": null,
              "code": "cy.get('a > img[alt=\"Chemsoft\"]').should('have.attr', 'alt', 'Chemsoft');",
              "err": {},
              "uuid": "cf2cae90-0ac4-4fcf-aae0-147e3d6a88ee",
              "parentUUID": "4449a138-83d5-490f-b34d-df1612d4817b",
              "isHook": false,
              "skipped": false
            },
            {
              "title": "Should not be able to log in via Login form",
              "fullTitle": "Test Login form via Chemsoft NG Should not be able to log in via Login form",
              "timedOut": null,
              "duration": 4512,
              "state": "passed",
              "speed": "fast",
              "pass": true,
              "fail": false,
              "pending": false,
              "context": null,
              "code": "cy.get('a > img[alt=\"Chemsoft\"]').should('have.attr', 'alt', 'Chemsoft');",
              "err": {},
              "uuid": "ad53a154-a796-4585-999b-c0345bd14406",
              "parentUUID": "4449a138-83d5-490f-b34d-df1612d4817b",
              "isHook": false,
              "skipped": false
            }
          ],
          "suites": [],
          "passes": [
            "cf2cae90-0ac4-4fcf-aae0-147e3d6a88ee",
            "ad53a154-a796-4585-999b-c0345bd14406"
          ],
          "failures": [],
          "pending": [],
          "skipped": [],
          "duration": 9555,
          "root": false,
          "rootEmpty": false,
          "_timeout": 2000
        },
        {
          "uuid": "9588c34f-cd60-44b1-a75c-c9f7e362760c",
          "title": "Test Login form via Chemsoft NG - failed login",
          "fullFile": "",
          "file": "",
          "beforeHooks": [],
          "afterHooks": [],
          "tests": [
            {
              "title": "Should not be able to log in via Login form - wrong user name",
              "fullTitle": "Test Login form via Chemsoft NG - failed login Should not be able to log in via Login form - wrong user name",
              "timedOut": null,
              "duration": 2180,
              "state": "passed",
              "speed": "fast",
              "pass": true,
              "fail": false,
              "pending": false,
              "context": null,
              "code": "(0, _Homepage_PFM.visitHomepage)();\ncy.get('[name=\"user\"]').click();\ncy.get('.username > .form-control').type(\"somewrongUsername\");\ncy.get('.password > .form-control').type(\"somewrongpassword\");\ncy.get('.btn').contains('Sign in').click();\ncy.get('.alerts').should('have.html', '<div data-test=\"alert-message\" class=\"d-flex mr-auto\">Wrong username or password</div><button type=\"button\" class=\"close ml-3\"><span>×</span></button>');\n//cy.get('.alerts').should('have.html', '<div class=\"d-flex mr-auto\">Wrong username or password</div><button type=\"button\" class=\"close ml-3\"><span>×</span></button>');\ncy.get('.alerts').should('have.text', 'Wrong username or password×');",
              "err": {},
              "uuid": "62399c36-1fbb-4cea-9c91-951217b9ad41",
              "parentUUID": "9588c34f-cd60-44b1-a75c-c9f7e362760c",
              "isHook": false,
              "skipped": false
            },
            {
              "title": "Login via wrong Username and password",
              "fullTitle": "Test Login form via Chemsoft NG - failed login Login via wrong Username and password",
              "timedOut": null,
              "duration": 2805,
              "state": "passed",
              "speed": "fast",
              "pass": true,
              "fail": false,
              "pending": false,
              "context": null,
              "code": "/* ==== Generated with Cypress Studio ==== */\ncy.visit('https://dev04/system/login/chemsofttest');\ncy.get('[data-test=\"user-name\"]').clear('somewrongUsername');\ncy.get('[data-test=\"user-name\"]').type('somewrongUsername');\ncy.get('[data-test=\"password\"]').clear('sa');\ncy.get('[data-test=\"password\"]').type('sasasasassas');\ncy.get('[data-test=\"sign-in\"]').click();\n/* ==== End Cypress Studio ==== */\n/* ==== Generated with Cypress Studio ==== */\ncy.get('[data-test=\"alert-message\"]').should('have.attr', 'data-test', 'alert-message');\ncy.get('[data-test=\"alert-message\"]').should('be.visible');\ncy.get('.welcomeTxt > [data-test=\"intro-text\"]').should('have.attr', 'data-test', 'intro-text');\ncy.get('.welcomeTxt > [data-test=\"intro-text\"]').should('be.visible');\ncy.get('.welcomeTxt > [data-test=\"info-text\"]').should('have.attr', 'data-test', 'info-text');\ncy.get('.welcomeTxt > [data-test=\"info-text\"]').should('be.visible');\n/* ==== End Cypress Studio ==== */",
              "err": {},
              "uuid": "6f05da7b-c844-483b-b7e6-fad5f2ef0e45",
              "parentUUID": "9588c34f-cd60-44b1-a75c-c9f7e362760c",
              "isHook": false,
              "skipped": false
            }
          ],
          "suites": [],
          "passes": [
            "62399c36-1fbb-4cea-9c91-951217b9ad41",
            "6f05da7b-c844-483b-b7e6-fad5f2ef0e45"
          ],
          "failures": [],
          "pending": [],
          "skipped": [],
          "duration": 4985,
          "root": false,
          "rootEmpty": false,
          "_timeout": 2000
        }
      ],
      "passes": [],
      "failures": [],
      "pending": [],
      "skipped": [],
      "duration": 0,
      "root": true,
      "rootEmpty": true,
      "_timeout": 2000
    }
  ],
  "meta": {
    "mocha": {
      "version": "7.0.1"
    },
    "mochawesome": {
      "options": {
        "quiet": false,
        "reportFilename": "mochawesome",
        "saveHtml": false,
        "saveJson": true,
        "consoleReporter": "spec",
        "useInlineDiffs": false,
        "code": true
      },
      "version": "7.1.3"
    },
    "marge": {
      "options": {
        "id": "default",
        "reportDir": "cypress/results/mochawesome",
        "quite": "true",
        "overwrite": false,
        "html": false,
        "json": true
      },
      "version": "6.2.0"
    }
  }
}