{
  "stats": {
    "suites": 1,
    "tests": 6,
    "passes": 6,
    "pending": 0,
    "failures": 0,
    "start": "2022-04-28T13:59:09.000Z",
    "end": "2022-04-28T13:59:56.328Z",
    "duration": 47328,
    "testsRegistered": 6,
    "passPercent": 100,
    "pendingPercent": 0,
    "other": 0,
    "hasOther": false,
    "skipped": 0,
    "hasSkipped": false
  },
  "results": [
    {
      "uuid": "e06ef6ff-9588-4f0c-bdb6-a4a02eb80999",
      "title": "",
      "fullFile": "cypress/integration/2-iterate-over-elements/iterate-over-elements.js",
      "file": "cypress/integration/2-iterate-over-elements/iterate-over-elements.js",
      "beforeHooks": [],
      "afterHooks": [],
      "tests": [],
      "suites": [
        {
          "uuid": "3bbf468c-8de8-4c4b-afdf-243b671f1808",
          "title": "Iterate over elements",
          "fullFile": "",
          "file": "",
          "beforeHooks": [],
          "afterHooks": [],
          "tests": [
            {
              "title": "Log information of product",
              "fullTitle": "Iterate over elements Log information of product",
              "timedOut": null,
              "duration": 6309,
              "state": "passed",
              "speed": "medium",
              "pass": true,
              "fail": false,
              "pending": false,
              "context": null,
              "code": "cy.get(\".prodNo\").each(($el, index, $list) => {//console.log(\"Index: \" + index + \" : \" + $el.text());\n  //cy.log(\"Index: \" + index + \" : \" + $el.text());\n});\ncy.get(\".prodNo\").eq(4).invoke('text').as('prodNo');\ncy.get('@prodNo').its('length').should('be.gt', 0); //cy.get('@prodNo').should('include', 'Sigma');",
              "err": {},
              "uuid": "a3f8329e-60d0-4b3c-8876-eed195c4c78a",
              "parentUUID": "3bbf468c-8de8-4c4b-afdf-243b671f1808",
              "isHook": false,
              "skipped": false
            },
            {
              "title": "Validate a first specific product",
              "fullTitle": "Iterate over elements Validate a first specific product",
              "timedOut": null,
              "duration": 7768,
              "state": "passed",
              "speed": "medium",
              "pass": true,
              "fail": false,
              "pending": false,
              "context": null,
              "code": "cy.get(\".prodNo\").eq(1).invoke('text').as('prodNo');\ncy.get('@prodNo').its('length').should('be.gt', 0);\ncy.get('@prodNo').should('include', 'Sigma');",
              "err": {},
              "uuid": "73ff1e2f-dac4-4003-922b-8c64fb795ae4",
              "parentUUID": "3bbf468c-8de8-4c4b-afdf-243b671f1808",
              "isHook": false,
              "skipped": false
            },
            {
              "title": "Validate a second specific produc",
              "fullTitle": "Iterate over elements Validate a second specific produc",
              "timedOut": null,
              "duration": 7395,
              "state": "passed",
              "speed": "medium",
              "pass": true,
              "fail": false,
              "pending": false,
              "context": null,
              "code": "cy.get(\".prodNo\").eq(1).invoke('text').as('prodNo');\ncy.get('@prodNo').its('length').should('be.gt', 0);\ncy.get('@prodNo').should('include', 'Sigma 309451Test');",
              "err": {},
              "uuid": "779e8575-9c1d-46ab-b75a-15b618194bf9",
              "parentUUID": "3bbf468c-8de8-4c4b-afdf-243b671f1808",
              "isHook": false,
              "skipped": false
            },
            {
              "title": "Validate a third specific produc",
              "fullTitle": "Iterate over elements Validate a third specific produc",
              "timedOut": null,
              "duration": 9306,
              "state": "passed",
              "speed": "medium",
              "pass": true,
              "fail": false,
              "pending": false,
              "context": null,
              "code": "cy.get('.tablinks').contains('Assembled').click();\ncy.get(\".prodName\").eq(2).invoke('text').as('prodName');\ncy.get('@prodName').its('length').should('be.gt', 0);\ncy.get('@prodName').should('include', \"(-)-3',5'-O-(1,1,3,3-TETRAISOPROPYL-1,3-\");",
              "err": {},
              "uuid": "fbb07e5e-014f-4472-90f4-cf0daddb3d38",
              "parentUUID": "3bbf468c-8de8-4c4b-afdf-243b671f1808",
              "isHook": false,
              "skipped": false
            },
            {
              "title": "Validate a fourth specific produc",
              "fullTitle": "Iterate over elements Validate a fourth specific produc",
              "timedOut": null,
              "duration": 9662,
              "state": "passed",
              "speed": "medium",
              "pass": true,
              "fail": false,
              "pending": false,
              "context": null,
              "code": "cy.get('.tablinks').contains('Assembled').click();\ncy.get(\".symbols\").as('symbol');\ncy.get('@symbol').should('have.length', 21);\ncy.get('@symbol').find(\".iconPx24\").invoke('attr', 'title').should('include', 'Xi');",
              "err": {},
              "uuid": "15d79f84-f5c6-497e-8ab9-1378e08d13c3",
              "parentUUID": "3bbf468c-8de8-4c4b-afdf-243b671f1808",
              "isHook": false,
              "skipped": false
            },
            {
              "title": "Validate a fifth specific produc",
              "fullTitle": "Iterate over elements Validate a fifth specific produc",
              "timedOut": null,
              "duration": 6668,
              "state": "passed",
              "speed": "medium",
              "pass": true,
              "fail": false,
              "pending": false,
              "context": null,
              "code": "cy.get('.prodNo').eq(1).then($headerText => {\n  const headerText = $headerText.text();\n  cy.log(headerText).its('length').should('be.gt', 0);\n});",
              "err": {},
              "uuid": "6074ef86-e76b-4bb9-b222-777a51e037ae",
              "parentUUID": "3bbf468c-8de8-4c4b-afdf-243b671f1808",
              "isHook": false,
              "skipped": false
            }
          ],
          "suites": [],
          "passes": [
            "a3f8329e-60d0-4b3c-8876-eed195c4c78a",
            "73ff1e2f-dac4-4003-922b-8c64fb795ae4",
            "779e8575-9c1d-46ab-b75a-15b618194bf9",
            "fbb07e5e-014f-4472-90f4-cf0daddb3d38",
            "15d79f84-f5c6-497e-8ab9-1378e08d13c3",
            "6074ef86-e76b-4bb9-b222-777a51e037ae"
          ],
          "failures": [],
          "pending": [],
          "skipped": [],
          "duration": 47108,
          "root": false,
          "rootEmpty": false,
          "_timeout": 2000
        }
      ],
      "passes": [],
      "failures": [],
      "pending": [],
      "skipped": [],
      "duration": 0,
      "root": true,
      "rootEmpty": true,
      "_timeout": 2000
    }
  ],
  "meta": {
    "mocha": {
      "version": "7.0.1"
    },
    "mochawesome": {
      "options": {
        "quiet": false,
        "reportFilename": "mochawesome",
        "saveHtml": false,
        "saveJson": true,
        "consoleReporter": "spec",
        "useInlineDiffs": false,
        "code": true
      },
      "version": "7.1.2"
    },
    "marge": {
      "options": {
        "id": "default",
        "reportDir": "cypress/results/mochawesome",
        "quite": "true",
        "overwrite": false,
        "html": false,
        "json": true
      },
      "version": "6.1.1"
    }
  }
}