<?xml version="1.0" encoding="UTF-8"?>
<testsuites name="Mocha Tests" time="0.0000" tests="3" failures="0">
  <testsuite name="Root Suite" timestamp="2022-05-04T06:15:22" tests="0" file="cypress/integration/1-Login started/log-in.js" time="0.0000" failures="0">
  </testsuite>
  <testsuite name="Test Login form via Chemsoft NG" timestamp="2022-05-04T06:15:22" tests="3" time="13.3280" failures="0">
    <testcase name="Test Login form via Chemsoft NG Should be able to log in via Login form" time="5.8790" classname="Should be able to log in via Login form">
    </testcase>
    <testcase name="Test Login form via Chemsoft NG Should not be able to log in via Login form" time="4.9310" classname="Should not be able to log in via Login form">
    </testcase>
    <testcase name="Test Login form via Chemsoft NG Should not be able to log in via Login form - wrong user name" time="2.4800" classname="Should not be able to log in via Login form - wrong user name">
    </testcase>
  </testsuite>
</testsuites>