<?xml version="1.0" encoding="UTF-8"?>
<testsuites name="Mocha Tests" time="0.0000" tests="3" failures="0">
  <testsuite name="Root Suite" timestamp="2022-04-28T13:53:54" tests="0" file="cypress/integration/1-login-started/log-in.js" time="0.0000" failures="0">
  </testsuite>
  <testsuite name="Test Login form via Chemsoft NG" timestamp="2022-04-28T13:53:54" tests="3" time="12.3460" failures="0">
    <testcase name="Test Login form via Chemsoft NG Should be able to log in via Login form" time="5.3740" classname="Should be able to log in via Login form">
    </testcase>
    <testcase name="Test Login form via Chemsoft NG Should not be able to log in via Login form" time="4.6790" classname="Should not be able to log in via Login form">
    </testcase>
    <testcase name="Test Login form via Chemsoft NG Should not be able to log in via Login form - wrong user name" time="2.2620" classname="Should not be able to log in via Login form - wrong user name">
    </testcase>
  </testsuite>
</testsuites>