<?xml version="1.0" encoding="UTF-8"?>
<testsuites name="Mocha Tests" time="0.000" tests="3" failures="0">
  <testsuite name="Root Suite" timestamp="2022-11-18T23:35:10" tests="0" file="cypress\e2e\6-Drop-down lists\drop-down.js" time="0.000" failures="0">
  </testsuite>
  <testsuite name="Interact with drop-down list" timestamp="2022-11-18T23:35:10" tests="3" time="35.742" failures="0">
    <testcase name="Interact with drop-down list Find specific values in drop-down Process category list on Handling step in Chemsoft" time="11.675" classname="Find specific values in drop-down Process category list on Handling step in Chemsoft">
    </testcase>
    <testcase name="Interact with drop-down list Select specific values in drop-down Ventilation list on Handling step in Chemsoft" time="11.800" classname="Select specific values in drop-down Ventilation list on Handling step in Chemsoft">
    </testcase>
    <testcase name="Interact with drop-down list Select specific values in drop-down Handling type list on Handling step in Chemsoft" time="12.181" classname="Select specific values in drop-down Handling type list on Handling step in Chemsoft">
    </testcase>
  </testsuite>
</testsuites>