<?xml version="1.0" encoding="UTF-8"?>
<testsuites name="Mocha Tests" time="0.000" tests="2" failures="0" skipped="1">
  <testsuite name="Root Suite" timestamp="2022-11-18T23:32:18" tests="0" file="cypress\e2e\4-Navigation\chemsoft-navigation.js" time="0.000" failures="0">
  </testsuite>
  <testsuite name="Validate Chemsoft home page links" timestamp="2022-11-18T23:32:18" tests="2" time="24.527" failures="0">
    <testcase name="Validate Chemsoft home page links Confirm links redirect to the correct pages - Chemsoft NG" time="24.505" classname="Confirm links redirect to the correct pages - Chemsoft NG">
    </testcase>
  </testsuite>
</testsuites>