<?xml version="1.0" encoding="UTF-8"?>
<testsuites name="Mocha Tests" time="0.000" tests="3" failures="0">
  <testsuite name="Root Suite" timestamp="2022-11-18T17:26:14" tests="0" file="cypress\e2e\3-alerts\js-alerts.js" time="0.000" failures="0">
  </testsuite>
  <testsuite name="Handle JS alerts" timestamp="2022-11-18T17:26:14" tests="3" time="35.641" failures="0">
    <testcase name="Handle JS alerts Confirm JS alerts contains the correct text" time="11.576" classname="Confirm JS alerts contains the correct text">
    </testcase>
    <testcase name="Handle JS alerts Validate confirm alert box works correctly when user clicks OK" time="13.097" classname="Validate confirm alert box works correctly when user clicks OK">
    </testcase>
    <testcase name="Handle JS alerts Validate confirm alert box works correctly when user clicks Cancel" time="10.888" classname="Validate confirm alert box works correctly when user clicks Cancel">
    </testcase>
  </testsuite>
</testsuites>