<?xml version="1.0" encoding="UTF-8"?>
<testsuites name="Mocha Tests" time="0.0000" tests="3" failures="0">
  <testsuite name="Root Suite" timestamp="2022-05-13T13:17:20" tests="0" file="cypress/integration/3-Alerts/js-alerts.js" time="0.0000" failures="0">
  </testsuite>
  <testsuite name="Handle JS alerts" timestamp="2022-05-13T13:17:20" tests="3" time="33.5850" failures="0">
    <testcase name="Handle JS alerts Confirm JS alerts contains the correct text" time="10.3220" classname="Confirm JS alerts contains the correct text">
    </testcase>
    <testcase name="Handle JS alerts Validate confirm alert box works correctly when user clicks OK" time="11.4790" classname="Validate confirm alert box works correctly when user clicks OK">
    </testcase>
    <testcase name="Handle JS alerts Validate confirm alert box works correctly when user clicks Cancel" time="11.7320" classname="Validate confirm alert box works correctly when user clicks Cancel">
    </testcase>
  </testsuite>
</testsuites>