<?xml version="1.0" encoding="UTF-8"?>
<testsuites name="Mocha Tests" time="0.000" tests="3" failures="0" skipped="1">
  <testsuite name="Root Suite" timestamp="2022-10-14T12:03:11" tests="0" file="cypress\e2e\5-Verify checkboxes\checkboxes.js" time="0.000" failures="0">
  </testsuite>
  <testsuite name="Move, copy and delete product in chemsoft" timestamp="2022-10-14T12:03:11" tests="3" time="17.116" failures="0">
    <testcase name="Move, copy and delete product in chemsoft Check product and move it on desired department" time="7.879" classname="Check product and move it on desired department">
    </testcase>
    <testcase name="Move, copy and delete product in chemsoft Check product and copy it on desired department" time="9.167" classname="Check product and copy it on desired department">
    </testcase>
  </testsuite>
</testsuites>