<?xml version="1.0" encoding="UTF-8"?>
<testsuites name="Mocha Tests" time="0.0000" tests="3" failures="0">
  <testsuite name="Root Suite" timestamp="2022-03-23T14:15:52" tests="0" file="cypress/integration/3-alerts/js-alerts.js" time="0.0000" failures="0">
  </testsuite>
  <testsuite name="Handle JS alerts" timestamp="2022-03-23T14:15:52" tests="3" time="36.3560" failures="0">
    <testcase name="Handle JS alerts Confirm JS alerts contains the correct text" time="12.5020" classname="Confirm JS alerts contains the correct text">
    </testcase>
    <testcase name="Handle JS alerts Validate confirm alert box works correctly when user clicks OK" time="12.2550" classname="Validate confirm alert box works correctly when user clicks OK">
    </testcase>
    <testcase name="Handle JS alerts Validate confirm alert box works correctly when user clicks Cancel" time="11.4300" classname="Validate confirm alert box works correctly when user clicks Cancel">
    </testcase>
  </testsuite>
</testsuites>