<?xml version="1.0" encoding="UTF-8"?>
<testsuites name="Mocha Tests" time="0.0000" tests="2" failures="0">
  <testsuite name="Root Suite" timestamp="2022-05-13T13:17:59" tests="0" file="cypress/integration/4-Navigation/chemsoft-navigation.js" time="0.0000" failures="0">
  </testsuite>
  <testsuite name="Validate Chemsoft home page links" timestamp="2022-05-13T13:17:59" tests="2" time="42.5960" failures="0">
    <testcase name="Validate Chemsoft home page links Confirm links redirect to the correct pages - Chemsoft NG" time="24.5880" classname="Confirm links redirect to the correct pages - Chemsoft NG">
    </testcase>
    <testcase name="Validate Chemsoft home page links Confirm links redirect to the correct pages - iChemistry" time="17.9830" classname="Confirm links redirect to the correct pages - iChemistry">
    </testcase>
  </testsuite>
</testsuites>