<?xml version="1.0" encoding="UTF-8"?>
<testsuites name="Mocha Tests" time="0.000" tests="4" failures="0">
  <testsuite name="Root Suite" timestamp="2022-11-18T17:23:54" tests="0" file="cypress\e2e\1-Login started\log-in.js" time="0.000" failures="0">
  </testsuite>
  <testsuite name="Test Login form via Chemsoft NG" timestamp="2022-11-18T17:23:54" tests="2" time="8.751" failures="0">
    <testcase name="Test Login form via Chemsoft NG Should be able to log in via Login form" time="4.683" classname="Should be able to log in via Login form">
    </testcase>
    <testcase name="Test Login form via Chemsoft NG Should not be able to log in via Login form" time="4.038" classname="Should not be able to log in via Login form">
    </testcase>
  </testsuite>
  <testsuite name="Test Login form via Chemsoft NG - failed login" timestamp="2022-11-18T17:24:03" tests="2" time="4.116" failures="0">
    <testcase name="Test Login form via Chemsoft NG - failed login Should not be able to log in via Login form - wrong user name" time="2.019" classname="Should not be able to log in via Login form - wrong user name">
    </testcase>
    <testcase name="Test Login form via Chemsoft NG - failed login Login via wrong Username and password" time="2.076" classname="Login via wrong Username and password">
    </testcase>
  </testsuite>
</testsuites>