<?xml version="1.0" encoding="UTF-8"?>
<testsuites name="Mocha Tests" time="0.000" tests="4" failures="0">
  <testsuite name="Root Suite" timestamp="2022-11-18T23:35:54" tests="0" file="cypress\e2e\7-Mouse actions\mouse-action.js" time="0.000" failures="0">
  </testsuite>
  <testsuite name="Test mouse actions" timestamp="2022-11-18T23:35:54" tests="4" time="28.170" failures="0">
    <testcase name="Test mouse actions Scroll element into view" time="7.612" classname="Scroll element into view">
    </testcase>
    <testcase name="Test mouse actions Drag and drop a draggable item on Form creator feature - Product type" time="5.932" classname="Drag and drop a draggable item on Form creator feature - Product type">
    </testcase>
    <testcase name="Test mouse actions Drag and drop a draggable item on Form creator feature - Attach document" time="6.098" classname="Drag and drop a draggable item on Form creator feature - Attach document">
    </testcase>
    <testcase name="Test mouse actions Drag&amp;Drop elements" time="8.388" classname="Drag&amp;Drop elements">
    </testcase>
  </testsuite>
</testsuites>