<?xml version="1.0" encoding="UTF-8"?>
<testsuites name="Mocha Tests" time="0.0000" tests="3" failures="0">
  <testsuite name="Root Suite" timestamp="2022-05-13T13:19:48" tests="0" file="cypress/integration/7-Mouse actions/mouse-action.js" time="0.0000" failures="0">
  </testsuite>
  <testsuite name="Test mouse actions" timestamp="2022-05-13T13:19:48" tests="3" time="18.3220" failures="0">
    <testcase name="Test mouse actions Scroll element into view" time="6.0500" classname="Scroll element into view">
    </testcase>
    <testcase name="Test mouse actions Drag and drop a draggable item on Form creator feature - Product type" time="6.0730" classname="Drag and drop a draggable item on Form creator feature - Product type">
    </testcase>
    <testcase name="Test mouse actions Drag and drop a draggable item on Form creator feature - Attach document" time="6.1520" classname="Drag and drop a draggable item on Form creator feature - Attach document">
    </testcase>
  </testsuite>
</testsuites>