<?xml version="1.0" encoding="UTF-8"?>
<testsuites name="Mocha Tests" time="0.0000" tests="3" failures="0" skipped="1">
  <testsuite name="Root Suite" timestamp="2022-03-21T16:44:38" tests="0" file="cypress/integration/5-Verify checkboxes/checkboxes.js" time="0.0000" failures="0">
  </testsuite>
  <testsuite name="Move, copy and delete product in chemsoft" timestamp="2022-03-21T16:44:38" tests="3" time="17.7850" failures="0">
    <testcase name="Move, copy and delete product in chemsoft Check product and move it on desired department" time="8.6870" classname="Check product and move it on desired department">
    </testcase>
    <testcase name="Move, copy and delete product in chemsoft Check product and copy it on desired department" time="7.9670" classname="Check product and copy it on desired department">
    </testcase>
  </testsuite>
</testsuites>