<?xml version="1.0" encoding="UTF-8"?>
<testsuites name="Mocha Tests" time="0.000" tests="3" failures="0">
  <testsuite name="Root Suite" timestamp="2022-10-14T12:01:07" tests="0" file="cypress\e2e\3-alerts\js-alerts.js" time="0.000" failures="0">
  </testsuite>
  <testsuite name="Handle JS alerts" timestamp="2022-10-14T12:01:07" tests="3" time="35.595" failures="0">
    <testcase name="Handle JS alerts Confirm JS alerts contains the correct text" time="13.313" classname="Confirm JS alerts contains the correct text">
    </testcase>
    <testcase name="Handle JS alerts Validate confirm alert box works correctly when user clicks OK" time="11.693" classname="Validate confirm alert box works correctly when user clicks OK">
    </testcase>
    <testcase name="Handle JS alerts Validate confirm alert box works correctly when user clicks Cancel" time="10.510" classname="Validate confirm alert box works correctly when user clicks Cancel">
    </testcase>
  </testsuite>
</testsuites>