<?xml version="1.0" encoding="UTF-8"?>
<testsuites name="Mocha Tests" time="0.0000" tests="6" failures="0">
  <testsuite name="Root Suite" timestamp="2022-04-28T13:54:11" tests="0" file="cypress/integration/2-iterate-over-elements/iterate-over-elements.js" time="0.0000" failures="0">
  </testsuite>
  <testsuite name="Iterate over elements" timestamp="2022-04-28T13:54:11" tests="6" time="48.4420" failures="0">
    <testcase name="Iterate over elements Log information of product" time="7.6950" classname="Log information of product">
    </testcase>
    <testcase name="Iterate over elements Validate a first specific product" time="7.3470" classname="Validate a first specific product">
    </testcase>
    <testcase name="Iterate over elements Validate a second specific produc" time="6.9360" classname="Validate a second specific produc">
    </testcase>
    <testcase name="Iterate over elements Validate a third specific produc" time="9.0800" classname="Validate a third specific produc">
    </testcase>
    <testcase name="Iterate over elements Validate a fourth specific produc" time="10.7480" classname="Validate a fourth specific produc">
    </testcase>
    <testcase name="Iterate over elements Validate a fifth specific produc" time="6.4060" classname="Validate a fifth specific produc">
    </testcase>
  </testsuite>
</testsuites>