<?xml version="1.0" encoding="UTF-8"?>
<testsuites name="Mocha Tests" time="0.0000" tests="1" failures="0">
  <testsuite name="Root Suite" timestamp="2022-03-21T16:42:23" tests="0" file="cypress/integration/1-login-started/log-in.js" time="0.0000" failures="0">
  </testsuite>
  <testsuite name="Test Login form via Chemsoft NG" timestamp="2022-03-21T16:42:23" tests="1" time="6.7970" failures="0">
    <testcase name="Test Login form via Chemsoft NG Should not be able to log in via Login form" time="4.9950" classname="Should not be able to log in via Login form">
    </testcase>
  </testsuite>
</testsuites>