<?xml version="1.0" encoding="UTF-8"?>
<testsuites name="Mocha Tests" time="0.0000" tests="6" failures="0">
  <testsuite name="Root Suite" timestamp="2022-05-04T06:15:40" tests="0" file="cypress/integration/2-Iterate-over-elements/iterate-over-elements.js" time="0.0000" failures="0">
  </testsuite>
  <testsuite name="Iterate over elements" timestamp="2022-05-04T06:15:40" tests="6" time="50.5810" failures="0">
    <testcase name="Iterate over elements Log information of product" time="8.9050" classname="Log information of product">
    </testcase>
    <testcase name="Iterate over elements Validate a first specific product" time="7.8200" classname="Validate a first specific product">
    </testcase>
    <testcase name="Iterate over elements Validate a second specific produc" time="7.0870" classname="Validate a second specific produc">
    </testcase>
    <testcase name="Iterate over elements Validate a third specific produc" time="10.1190" classname="Validate a third specific produc">
    </testcase>
    <testcase name="Iterate over elements Validate a fourth specific produc" time="9.6020" classname="Validate a fourth specific produc">
    </testcase>
    <testcase name="Iterate over elements Validate a fifth specific produc" time="6.8610" classname="Validate a fifth specific produc">
    </testcase>
  </testsuite>
</testsuites>