<?xml version="1.0"?>
<testsuites>
<testsuite name="Root Suite" timestamp="2022-05-13T13:16:29" tests="0" file="cypress/integration/2-Iterate-over-elements/iterate-over-elements.js" time="0.0000" failures="0"></testsuite>
<testsuite name="Iterate over elements" timestamp="2022-05-13T13:16:29" tests="6" time="44.7750" failures="0">
  
  <testcase name="Iterate over elements Log information of product" time="5.6130" classname="Log information of product"></testcase>
  
  <testcase name="Iterate over elements Validate a first specific product" time="7.0490" classname="Validate a first specific product"></testcase>
  
  <testcase name="Iterate over elements Validate a second specific produc" time="7.2470" classname="Validate a second specific produc"></testcase>
  
  <testcase name="Iterate over elements Validate a third specific produc" time="8.6110" classname="Validate a third specific produc"></testcase>
  
  <testcase name="Iterate over elements Validate a fourth specific produc" time="9.1470" classname="Validate a fourth specific produc"></testcase>
  
  <testcase name="Iterate over elements Validate a fifth specific produc" time="6.9160" classname="Validate a fifth specific produc"></testcase>
  
</testsuite>

<testsuite name="Root Suite" timestamp="2022-05-13T13:19:07" tests="0" file="cypress/integration/6-Drop-down lists/drop-down.js" time="0.0000" failures="0"></testsuite>
<testsuite name="Interact with drop-down list" timestamp="2022-05-13T13:19:07" tests="3" time="35.0090" failures="0">
  
  <testcase name="Interact with drop-down list Find specific values in drop-down Process category list on Handling step in Chemsoft" time="11.6030" classname="Find specific values in drop-down Process category list on Handling step in Chemsoft"></testcase>
  
  <testcase name="Interact with drop-down list Select specific values in drop-down Ventilation list on Handling step in Chemsoft" time="11.0970" classname="Select specific values in drop-down Ventilation list on Handling step in Chemsoft"></testcase>
  
  <testcase name="Interact with drop-down list Select specific values in drop-down Handling type list on Handling step in Chemsoft" time="12.1820" classname="Select specific values in drop-down Handling type list on Handling step in Chemsoft"></testcase>
  
</testsuite>

<testsuite name="Root Suite" timestamp="2022-05-13T13:15:20" tests="0" file="cypress/integration/1-Login started/log-in.js" time="0.0000" failures="0"></testsuite>
<testsuite name="Test Login form via Chemsoft NG" timestamp="2022-05-13T13:15:20" tests="3" time="11.8550" failures="0">
  
  <testcase name="Test Login form via Chemsoft NG Should be able to log in via Login form" time="5.3710" classname="Should be able to log in via Login form"></testcase>
  
  <testcase name="Test Login form via Chemsoft NG Should not be able to log in via Login form" time="4.0680" classname="Should not be able to log in via Login form"></testcase>
  
  <testcase name="Test Login form via Chemsoft NG Should not be able to log in via Login form - wrong user name" time="2.3910" classname="Should not be able to log in via Login form - wrong user name"></testcase>
  
</testsuite>

<testsuite name="Root Suite" timestamp="2022-05-13T13:18:48" tests="0" file="cypress/integration/5-Verify checkboxes/checkboxes.js" time="0.0000" failures="0"></testsuite>
<testsuite name="Move, copy and delete product in chemsoft" timestamp="2022-05-13T13:18:48" tests="3" time="14.4910" failures="0">
  
  <testcase name="Move, copy and delete product in chemsoft Check product and move it on desired department" time="8.8480" classname="Check product and move it on desired department"></testcase>
  
  <testcase name="Move, copy and delete product in chemsoft Check product and copy it on desired department" time="5.6140" classname="Check product and copy it on desired department"></testcase>
  
</testsuite>

<testsuite name="Root Suite" timestamp="2022-05-13T13:19:48" tests="0" file="cypress/integration/7-Mouse actions/mouse-action.js" time="0.0000" failures="0"></testsuite>
<testsuite name="Test mouse actions" timestamp="2022-05-13T13:19:48" tests="3" time="18.3220" failures="0">
  
  <testcase name="Test mouse actions Scroll element into view" time="6.0500" classname="Scroll element into view"></testcase>
  
  <testcase name="Test mouse actions Drag and drop a draggable item on Form creator feature - Product type" time="6.0730" classname="Drag and drop a draggable item on Form creator feature - Product type"></testcase>
  
  <testcase name="Test mouse actions Drag and drop a draggable item on Form creator feature - Attach document" time="6.1520" classname="Drag and drop a draggable item on Form creator feature - Attach document"></testcase>
  
</testsuite>

<testsuite name="Root Suite" timestamp="2022-05-13T13:17:20" tests="0" file="cypress/integration/3-Alerts/js-alerts.js" time="0.0000" failures="0"></testsuite>
<testsuite name="Handle JS alerts" timestamp="2022-05-13T13:17:20" tests="3" time="33.5850" failures="0">
  
  <testcase name="Handle JS alerts Confirm JS alerts contains the correct text" time="10.3220" classname="Confirm JS alerts contains the correct text"></testcase>
  
  <testcase name="Handle JS alerts Validate confirm alert box works correctly when user clicks OK" time="11.4790" classname="Validate confirm alert box works correctly when user clicks OK"></testcase>
  
  <testcase name="Handle JS alerts Validate confirm alert box works correctly when user clicks Cancel" time="11.7320" classname="Validate confirm alert box works correctly when user clicks Cancel"></testcase>
  
</testsuite>

<testsuite name="Root Suite" timestamp="2022-05-13T13:17:59" tests="0" file="cypress/integration/4-Navigation/chemsoft-navigation.js" time="0.0000" failures="0"></testsuite>
<testsuite name="Validate Chemsoft home page links" timestamp="2022-05-13T13:17:59" tests="2" time="42.5960" failures="0">
  
  <testcase name="Validate Chemsoft home page links Confirm links redirect to the correct pages - Chemsoft NG" time="24.5880" classname="Confirm links redirect to the correct pages - Chemsoft NG"></testcase>
  
  <testcase name="Validate Chemsoft home page links Confirm links redirect to the correct pages - iChemistry" time="17.9830" classname="Confirm links redirect to the correct pages - iChemistry"></testcase>
  
</testsuite>

<testsuite name="Root Suite" timestamp="2022-05-13T13:15:36" tests="0" file="cypress/integration/2-Iterate-over-elements/iterate-over-elements-page-function-model.js" time="0.0000" failures="0"></testsuite>
<testsuite name="Iterate over elements" timestamp="2022-05-13T13:15:36" tests="6" time="46.5720" failures="0">
  
  <testcase name="Iterate over elements Log information of product" time="7.0520" classname="Log information of product"></testcase>
  
  <testcase name="Iterate over elements Validate a first specific product" time="7.8050" classname="Validate a first specific product"></testcase>
  
  <testcase name="Iterate over elements Validate a second specific produc" time="6.9230" classname="Validate a second specific produc"></testcase>
  
  <testcase name="Iterate over elements Validate a third specific produc" time="9.1530" classname="Validate a third specific produc"></testcase>
  
  <testcase name="Iterate over elements Validate a fourth specific produc" time="9.1650" classname="Validate a fourth specific produc"></testcase>
  
  <testcase name="Iterate over elements Validate a fifth specific produc" time="6.2780" classname="Validate a fifth specific produc"></testcase>
  
</testsuite>

</testsuites>